{"/home/runner/work/dsa-core/dsa-core/Jaime-D-Z/dsa-core/packages/dsa-ts/src/index.ts": {"path":"/home/runner/work/dsa-core/dsa-core/Jaime-D-Z/dsa-core/packages/dsa-ts/src/index.ts","all":true,"statementMap":{"0":{"start":{"line":1,"column":0},"end":{"line":1,"column":66}},"1":{"start":{"line":2,"column":0},"end":{"line":2,"column":38}},"2":{"start":{"line":3,"column":0},"end":{"line":3,"column":38}},"3":{"start":{"line":4,"column":0},"end":{"line":4,"column":43}},"4":{"start":{"line":5,"column":0},"end":{"line":5,"column":40}},"5":{"start":{"line":6,"column":0},"end":{"line":6,"column":49}},"6":{"start":{"line":7,"column":0},"end":{"line":7,"column":38}},"7":{"start":{"line":8,"column":0},"end":{"line":8,"column":40}},"8":{"start":{"line":9,"column":0},"end":{"line":9,"column":46}},"9":{"start":{"line":10,"column":0},"end":{"line":10,"column":41}},"10":{"start":{"line":11,"column":0},"end":{"line":11,"column":0}},"11":{"start":{"line":12,"column":0},"end":{"line":12,"column":66}},"12":{"start":{"line":13,"column":0},"end":{"line":13,"column":46}},"13":{"start":{"line":14,"column":0},"end":{"line":14,"column":48}},"14":{"start":{"line":15,"column":0},"end":{"line":15,"column":44}}},"s":{"0":0,"1":0,"2":0,"3":0,"4":0,"5":0,"6":0,"7":0,"8":0,"9":0,"10":0,"11":0,"12":0,"13":0,"14":0},"branchMap":{"0":{"type":"branch","line":1,"loc":{"start":{"line":1,"column":657},"end":{"line":15,"column":44}},"locations":[{"start":{"line":1,"column":657},"end":{"line":15,"column":44}}]}},"b":{"0":[0]},"fnMap":{"0":{"name":"(empty-report)","decl":{"start":{"line":1,"column":657},"end":{"line":15,"column":44}},"loc":{"start":{"line":1,"column":657},"end":{"line":15,"column":44}},"line":1}},"f":{"0":0}}
,"/home/runner/work/dsa-core/dsa-core/Jaime-D-Z/dsa-core/packages/dsa-ts/src/algorithms/graph/bfs.ts": {"path":"/home/runner/work/dsa-core/dsa-core/Jaime-D-Z/dsa-core/packages/dsa-ts/src/algorithms/graph/bfs.ts","all":false,"statementMap":{"0":{"start":{"line":1,"column":0},"end":{"line":1,"column":55}},"1":{"start":{"line":2,"column":0},"end":{"line":2,"column":0}},"2":{"start":{"line":3,"column":0},"end":{"line":3,"column":28}},"3":{"start":{"line":4,"column":0},"end":{"line":4,"column":21}},"4":{"start":{"line":5,"column":0},"end":{"line":5,"column":53}},"5":{"start":{"line":6,"column":0},"end":{"line":6,"column":19}},"6":{"start":{"line":7,"column":0},"end":{"line":7,"column":1}},"7":{"start":{"line":8,"column":0},"end":{"line":8,"column":0}},"8":{"start":{"line":9,"column":0},"end":{"line":9,"column":3}},"9":{"start":{"line":10,"column":0},"end":{"line":10,"column":33}},"10":{"start":{"line":11,"column":0},"end":{"line":11,"column":57}},"11":{"start":{"line":12,"column":0},"end":{"line":12,"column":3}},"12":{"start":{"line":13,"column":0},"end":{"line":13,"column":78}},"13":{"start":{"line":14,"column":0},"end":{"line":14,"column":78}},"14":{"start":{"line":15,"column":0},"end":{"line":15,"column":0}},"15":{"start":{"line":16,"column":0},"end":{"line":16,"column":37}},"16":{"start":{"line":17,"column":0},"end":{"line":17,"column":47}},"17":{"start":{"line":18,"column":0},"end":{"line":18,"column":67}},"18":{"start":{"line":19,"column":0},"end":{"line":19,"column":42}},"19":{"start":{"line":20,"column":0},"end":{"line":20,"column":0}},"20":{"start":{"line":21,"column":0},"end":{"line":21,"column":21}},"21":{"start":{"line":22,"column":0},"end":{"line":22,"column":0}},"22":{"start":{"line":23,"column":0},"end":{"line":23,"column":28}},"23":{"start":{"line":24,"column":0},"end":{"line":24,"column":41}},"24":{"start":{"line":25,"column":0},"end":{"line":25,"column":21}},"25":{"start":{"line":26,"column":0},"end":{"line":26,"column":0}},"26":{"start":{"line":27,"column":0},"end":{"line":27,"column":26}},"27":{"start":{"line":28,"column":0},"end":{"line":28,"column":14}},"28":{"start":{"line":29,"column":0},"end":{"line":29,"column":24}},"29":{"start":{"line":30,"column":0},"end":{"line":30,"column":57}},"30":{"start":{"line":31,"column":0},"end":{"line":31,"column":35}},"31":{"start":{"line":32,"column":0},"end":{"line":32,"column":8}},"32":{"start":{"line":33,"column":0},"end":{"line":33,"column":5}},"33":{"start":{"line":34,"column":0},"end":{"line":34,"column":0}},"34":{"start":{"line":35,"column":0},"end":{"line":35,"column":49}},"35":{"start":{"line":36,"column":0},"end":{"line":36,"column":29}},"36":{"start":{"line":37,"column":0},"end":{"line":37,"column":24}},"37":{"start":{"line":38,"column":0},"end":{"line":38,"column":29}},"38":{"start":{"line":39,"column":0},"end":{"line":39,"column":23}},"39":{"start":{"line":40,"column":0},"end":{"line":40,"column":7}},"40":{"start":{"line":41,"column":0},"end":{"line":41,"column":5}},"41":{"start":{"line":42,"column":0},"end":{"line":42,"column":3}},"42":{"start":{"line":43,"column":0},"end":{"line":43,"column":0}},"43":{"start":{"line":44,"column":0},"end":{"line":44,"column":54}},"44":{"start":{"line":45,"column":0},"end":{"line":45,"column":1}},"45":{"start":{"line":46,"column":0},"end":{"line":46,"column":0}},"46":{"start":{"line":47,"column":0},"end":{"line":47,"column":25}},"47":{"start":{"line":48,"column":0},"end":{"line":48,"column":37}},"48":{"start":{"line":49,"column":0},"end":{"line":49,"column":17}},"49":{"start":{"line":50,"column":0},"end":{"line":50,"column":17}},"50":{"start":{"line":51,"column":0},"end":{"line":51,"column":13}},"51":{"start":{"line":52,"column":0},"end":{"line":52,"column":28}},"52":{"start":{"line":53,"column":0},"end":{"line":53,"column":50}},"53":{"start":{"line":54,"column":0},"end":{"line":54,"column":53}},"54":{"start":{"line":55,"column":0},"end":{"line":55,"column":26}},"55":{"start":{"line":56,"column":0},"end":{"line":56,"column":34}},"56":{"start":{"line":57,"column":0},"end":{"line":57,"column":3}},"57":{"start":{"line":58,"column":0},"end":{"line":58,"column":14}},"58":{"start":{"line":59,"column":0},"end":{"line":59,"column":1}}},"s":{"0":1,"1":1,"2":1,"3":1,"4":1,"5":1,"6":1,"7":1,"8":1,"9":1,"10":1,"11":1,"12":1,"13":2,"14":2,"15":2,"16":2,"17":2,"18":2,"19":2,"20":2,"21":2,"22":2,"23":6,"24":6,"25":6,"26":6,"27":1,"28":1,"29":1,"30":1,"31":1,"32":1,"33":5,"34":6,"35":9,"36":4,"37":4,"38":4,"39":4,"40":9,"41":5,"42":1,"43":1,"44":1,"45":1,"46":1,"47":1,"48":1,"49":1,"50":1,"51":1,"52":1,"53":1,"54":4,"55":4,"56":4,"57":1,"58":1},"branchMap":{"0":{"type":"branch","line":13,"loc":{"start":{"line":13,"column":7},"end":{"line":45,"column":1}},"locations":[{"start":{"line":13,"column":7},"end":{"line":45,"column":1}}]},"1":{"type":"branch","line":14,"loc":{"start":{"line":14,"column":29},"end":{"line":14,"column":78}},"locations":[{"start":{"line":14,"column":29},"end":{"line":14,"column":78}}]},"2":{"type":"branch","line":23,"loc":{"start":{"line":23,"column":27},"end":{"line":42,"column":3}},"locations":[{"start":{"line":23,"column":27},"end":{"line":42,"column":3}}]},"3":{"type":"branch","line":27,"loc":{"start":{"line":27,"column":25},"end":{"line":33,"column":5}},"locations":[{"start":{"line":27,"column":25},"end":{"line":33,"column":5}}]},"4":{"type":"branch","line":33,"loc":{"start":{"line":33,"column":4},"end":{"line":35,"column":48}},"locations":[{"start":{"line":33,"column":4},"end":{"line":35,"column":48}}]},"5":{"type":"branch","line":35,"loc":{"start":{"line":35,"column":48},"end":{"line":41,"column":5}},"locations":[{"start":{"line":35,"column":48},"end":{"line":41,"column":5}}]},"6":{"type":"branch","line":36,"loc":{"start":{"line":36,"column":28},"end":{"line":40,"column":7}},"locations":[{"start":{"line":36,"column":28},"end":{"line":40,"column":7}}]},"7":{"type":"branch","line":41,"loc":{"start":{"line":41,"column":4},"end":{"line":42,"column":3}},"locations":[{"start":{"line":41,"column":4},"end":{"line":42,"column":3}}]},"8":{"type":"branch","line":42,"loc":{"start":{"line":42,"column":2},"end":{"line":45,"column":1}},"locations":[{"start":{"line":42,"column":2},"end":{"line":45,"column":1}}]},"9":{"type":"branch","line":47,"loc":{"start":{"line":47,"column":0},"end":{"line":59,"column":1}},"locations":[{"start":{"line":47,"column":0},"end":{"line":59,"column":1}}]},"10":{"type":"branch","line":54,"loc":{"start":{"line":54,"column":21},"end":{"line":54,"column":52}},"locations":[{"start":{"line":54,"column":21},"end":{"line":54,"column":52}}]},"11":{"type":"branch","line":54,"loc":{"start":{"line":54,"column":52},"end":{"line":57,"column":3}},"locations":[{"start":{"line":54,"column":52},"end":{"line":57,"column":3}}]}},"b":{"0":[2],"1":[0],"2":[6],"3":[1],"4":[5],"5":[9],"6":[4],"7":[5],"8":[1],"9":[1],"10":[4],"11":[4]},"fnMap":{"0":{"name":"bfs","decl":{"start":{"line":13,"column":7},"end":{"line":45,"column":1}},"loc":{"start":{"line":13,"column":7},"end":{"line":45,"column":1}},"line":13},"1":{"name":"reconstructPath","decl":{"start":{"line":47,"column":0},"end":{"line":59,"column":1}},"loc":{"start":{"line":47,"column":0},"end":{"line":59,"column":1}},"line":47}},"f":{"0":2,"1":1}}
,"/home/runner/work/dsa-core/dsa-core/Jaime-D-Z/dsa-core/packages/dsa-ts/src/algorithms/graph/dfs.ts": {"path":"/home/runner/work/dsa-core/dsa-core/Jaime-D-Z/dsa-core/packages/dsa-ts/src/algorithms/graph/dfs.ts","all":false,"statementMap":{"0":{"start":{"line":1,"column":0},"end":{"line":1,"column":55}},"1":{"start":{"line":2,"column":0},"end":{"line":2,"column":0}},"2":{"start":{"line":3,"column":0},"end":{"line":3,"column":28}},"3":{"start":{"line":4,"column":0},"end":{"line":4,"column":20}},"4":{"start":{"line":5,"column":0},"end":{"line":5,"column":20}},"5":{"start":{"line":6,"column":0},"end":{"line":6,"column":1}},"6":{"start":{"line":7,"column":0},"end":{"line":7,"column":0}},"7":{"start":{"line":8,"column":0},"end":{"line":8,"column":3}},"8":{"start":{"line":9,"column":0},"end":{"line":9,"column":31}},"9":{"start":{"line":10,"column":0},"end":{"line":10,"column":43}},"10":{"start":{"line":11,"column":0},"end":{"line":11,"column":3}},"11":{"start":{"line":12,"column":0},"end":{"line":12,"column":61}},"12":{"start":{"line":13,"column":0},"end":{"line":13,"column":38}},"13":{"start":{"line":14,"column":0},"end":{"line":14,"column":38}},"14":{"start":{"line":15,"column":0},"end":{"line":15,"column":32}},"15":{"start":{"line":16,"column":0},"end":{"line":16,"column":26}},"16":{"start":{"line":17,"column":0},"end":{"line":17,"column":0}},"17":{"start":{"line":18,"column":0},"end":{"line":18,"column":40}},"18":{"start":{"line":19,"column":0},"end":{"line":19,"column":22}},"19":{"start":{"line":20,"column":0},"end":{"line":20,"column":22}},"20":{"start":{"line":21,"column":0},"end":{"line":21,"column":21}},"21":{"start":{"line":22,"column":0},"end":{"line":22,"column":0}},"22":{"start":{"line":23,"column":0},"end":{"line":23,"column":49}},"23":{"start":{"line":24,"column":0},"end":{"line":24,"column":29}},"24":{"start":{"line":25,"column":0},"end":{"line":25,"column":20}},"25":{"start":{"line":26,"column":0},"end":{"line":26,"column":35}},"26":{"start":{"line":27,"column":0},"end":{"line":27,"column":24}},"27":{"start":{"line":28,"column":0},"end":{"line":28,"column":7}},"28":{"start":{"line":29,"column":0},"end":{"line":29,"column":5}},"29":{"start":{"line":30,"column":0},"end":{"line":30,"column":25}},"30":{"start":{"line":31,"column":0},"end":{"line":31,"column":3}},"31":{"start":{"line":32,"column":0},"end":{"line":32,"column":0}},"32":{"start":{"line":33,"column":0},"end":{"line":33,"column":43}},"33":{"start":{"line":34,"column":0},"end":{"line":34,"column":38}},"34":{"start":{"line":35,"column":0},"end":{"line":35,"column":1}}},"s":{"0":1,"1":1,"2":1,"3":1,"4":1,"5":1,"6":1,"7":1,"8":1,"9":1,"10":1,"11":1,"12":2,"13":2,"14":2,"15":2,"16":2,"17":2,"18":8,"19":8,"20":8,"21":8,"22":8,"23":13,"24":6,"25":13,"26":6,"27":6,"28":13,"29":8,"30":8,"31":2,"32":2,"33":2,"34":2},"branchMap":{"0":{"type":"branch","line":12,"loc":{"start":{"line":12,"column":7},"end":{"line":35,"column":1}},"locations":[{"start":{"line":12,"column":7},"end":{"line":35,"column":1}}]},"1":{"type":"branch","line":18,"loc":{"start":{"line":18,"column":2},"end":{"line":31,"column":3}},"locations":[{"start":{"line":18,"column":2},"end":{"line":31,"column":3}}]},"2":{"type":"branch","line":23,"loc":{"start":{"line":23,"column":48},"end":{"line":29,"column":5}},"locations":[{"start":{"line":23,"column":48},"end":{"line":29,"column":5}}]},"3":{"type":"branch","line":24,"loc":{"start":{"line":24,"column":28},"end":{"line":26,"column":17}},"locations":[{"start":{"line":24,"column":28},"end":{"line":26,"column":17}}]},"4":{"type":"branch","line":26,"loc":{"start":{"line":26,"column":6},"end":{"line":28,"column":7}},"locations":[{"start":{"line":26,"column":6},"end":{"line":28,"column":7}}]},"5":{"type":"branch","line":26,"loc":{"start":{"line":26,"column":34},"end":{"line":28,"column":7}},"locations":[{"start":{"line":26,"column":34},"end":{"line":28,"column":7}}]}},"b":{"0":[2],"1":[8],"2":[13],"3":[6],"4":[7],"5":[6]},"fnMap":{"0":{"name":"dfs","decl":{"start":{"line":12,"column":7},"end":{"line":35,"column":1}},"loc":{"start":{"line":12,"column":7},"end":{"line":35,"column":1}},"line":12},"1":{"name":"explore","decl":{"start":{"line":18,"column":2},"end":{"line":31,"column":3}},"loc":{"start":{"line":18,"column":2},"end":{"line":31,"column":3}},"line":18}},"f":{"0":2,"1":8}}
,"/home/runner/work/dsa-core/dsa-core/Jaime-D-Z/dsa-core/packages/dsa-ts/src/algorithms/graph/dijkstra.ts": {"path":"/home/runner/work/dsa-core/dsa-core/Jaime-D-Z/dsa-core/packages/dsa-ts/src/algorithms/graph/dijkstra.ts","all":false,"statementMap":{"0":{"start":{"line":1,"column":0},"end":{"line":1,"column":54}},"1":{"start":{"line":2,"column":0},"end":{"line":2,"column":55}},"2":{"start":{"line":3,"column":0},"end":{"line":3,"column":0}},"3":{"start":{"line":4,"column":0},"end":{"line":4,"column":33}},"4":{"start":{"line":5,"column":0},"end":{"line":5,"column":33}},"5":{"start":{"line":6,"column":0},"end":{"line":6,"column":29}},"6":{"start":{"line":7,"column":0},"end":{"line":7,"column":1}},"7":{"start":{"line":8,"column":0},"end":{"line":8,"column":0}},"8":{"start":{"line":9,"column":0},"end":{"line":9,"column":20}},"9":{"start":{"line":10,"column":0},"end":{"line":10,"column":19}},"10":{"start":{"line":11,"column":0},"end":{"line":11,"column":19}},"11":{"start":{"line":12,"column":0},"end":{"line":12,"column":1}},"12":{"start":{"line":13,"column":0},"end":{"line":13,"column":0}},"13":{"start":{"line":14,"column":0},"end":{"line":14,"column":3}},"14":{"start":{"line":15,"column":0},"end":{"line":15,"column":29}},"15":{"start":{"line":16,"column":0},"end":{"line":16,"column":53}},"16":{"start":{"line":17,"column":0},"end":{"line":17,"column":3}},"17":{"start":{"line":18,"column":0},"end":{"line":18,"column":88}},"18":{"start":{"line":19,"column":0},"end":{"line":19,"column":46}},"19":{"start":{"line":20,"column":0},"end":{"line":20,"column":53}},"20":{"start":{"line":21,"column":0},"end":{"line":21,"column":77}},"21":{"start":{"line":22,"column":0},"end":{"line":22,"column":0}},"22":{"start":{"line":23,"column":0},"end":{"line":23,"column":35}},"23":{"start":{"line":24,"column":0},"end":{"line":24,"column":34}},"24":{"start":{"line":25,"column":0},"end":{"line":25,"column":29}},"25":{"start":{"line":26,"column":0},"end":{"line":26,"column":3}},"26":{"start":{"line":27,"column":0},"end":{"line":27,"column":26}},"27":{"start":{"line":28,"column":0},"end":{"line":28,"column":44}},"28":{"start":{"line":29,"column":0},"end":{"line":29,"column":0}},"29":{"start":{"line":30,"column":0},"end":{"line":30,"column":25}},"30":{"start":{"line":31,"column":0},"end":{"line":31,"column":61}},"31":{"start":{"line":32,"column":0},"end":{"line":32,"column":63}},"32":{"start":{"line":33,"column":0},"end":{"line":33,"column":0}},"33":{"start":{"line":34,"column":0},"end":{"line":34,"column":47}},"34":{"start":{"line":35,"column":0},"end":{"line":35,"column":45}},"35":{"start":{"line":36,"column":0},"end":{"line":36,"column":59}},"36":{"start":{"line":37,"column":0},"end":{"line":37,"column":40}},"37":{"start":{"line":38,"column":0},"end":{"line":38,"column":36}},"38":{"start":{"line":39,"column":0},"end":{"line":39,"column":58}},"39":{"start":{"line":40,"column":0},"end":{"line":40,"column":7}},"40":{"start":{"line":41,"column":0},"end":{"line":41,"column":5}},"41":{"start":{"line":42,"column":0},"end":{"line":42,"column":3}},"42":{"start":{"line":43,"column":0},"end":{"line":43,"column":0}},"43":{"start":{"line":44,"column":0},"end":{"line":44,"column":80}},"44":{"start":{"line":45,"column":0},"end":{"line":45,"column":29}},"45":{"start":{"line":46,"column":0},"end":{"line":46,"column":1}},"46":{"start":{"line":47,"column":0},"end":{"line":47,"column":0}},"47":{"start":{"line":48,"column":0},"end":{"line":48,"column":19}},"48":{"start":{"line":49,"column":0},"end":{"line":49,"column":40}},"49":{"start":{"line":50,"column":0},"end":{"line":50,"column":20}},"50":{"start":{"line":51,"column":0},"end":{"line":51,"column":20}},"51":{"start":{"line":52,"column":0},"end":{"line":52,"column":20}},"52":{"start":{"line":53,"column":0},"end":{"line":53,"column":28}},"53":{"start":{"line":54,"column":0},"end":{"line":54,"column":50}},"54":{"start":{"line":55,"column":0},"end":{"line":55,"column":53}},"55":{"start":{"line":56,"column":0},"end":{"line":56,"column":26}},"56":{"start":{"line":57,"column":0},"end":{"line":57,"column":36}},"57":{"start":{"line":58,"column":0},"end":{"line":58,"column":3}},"58":{"start":{"line":59,"column":0},"end":{"line":59,"column":39}},"59":{"start":{"line":60,"column":0},"end":{"line":60,"column":1}}},"s":{"0":1,"1":1,"2":1,"3":1,"4":1,"5":1,"6":1,"7":1,"8":1,"9":1,"10":1,"11":1,"12":1,"13":1,"14":1,"15":1,"16":1,"17":1,"18":2,"19":2,"20":2,"21":2,"22":2,"23":10,"24":10,"25":10,"26":2,"27":2,"28":2,"29":2,"30":10,"31":10,"32":10,"33":10,"34":20,"35":20,"36":8,"37":8,"38":8,"39":8,"40":20,"41":10,"42":2,"43":2,"44":2,"45":2,"46":1,"47":1,"48":1,"49":1,"50":1,"51":1,"52":1,"53":1,"54":1,"55":4,"56":4,"57":4,"58":1,"59":1},"branchMap":{"0":{"type":"branch","line":18,"loc":{"start":{"line":18,"column":7},"end":{"line":46,"column":1}},"locations":[{"start":{"line":18,"column":7},"end":{"line":46,"column":1}}]},"1":{"type":"branch","line":23,"loc":{"start":{"line":23,"column":34},"end":{"line":26,"column":3}},"locations":[{"start":{"line":23,"column":34},"end":{"line":26,"column":3}}]},"2":{"type":"branch","line":30,"loc":{"start":{"line":30,"column":24},"end":{"line":42,"column":3}},"locations":[{"start":{"line":30,"column":24},"end":{"line":42,"column":3}}]},"3":{"type":"branch","line":32,"loc":{"start":{"line":32,"column":38},"end":{"line":32,"column":54}},"locations":[{"start":{"line":32,"column":38},"end":{"line":32,"column":54}}]},"4":{"type":"branch","line":32,"loc":{"start":{"line":32,"column":54},"end":{"line":32,"column":63}},"locations":[{"start":{"line":32,"column":54},"end":{"line":32,"column":63}}]},"5":{"type":"branch","line":34,"loc":{"start":{"line":34,"column":46},"end":{"line":41,"column":5}},"locations":[{"start":{"line":34,"column":46},"end":{"line":41,"column":5}}]},"6":{"type":"branch","line":36,"loc":{"start":{"line":36,"column":42},"end":{"line":36,"column":58}},"locations":[{"start":{"line":36,"column":42},"end":{"line":36,"column":58}}]},"7":{"type":"branch","line":36,"loc":{"start":{"line":36,"column":58},"end":{"line":40,"column":7}},"locations":[{"start":{"line":36,"column":58},"end":{"line":40,"column":7}}]},"8":{"type":"branch","line":44,"loc":{"start":{"line":44,"column":26},"end":{"line":44,"column":75}},"locations":[{"start":{"line":44,"column":26},"end":{"line":44,"column":75}}]},"9":{"type":"branch","line":44,"loc":{"start":{"line":44,"column":71},"end":{"line":44,"column":80}},"locations":[{"start":{"line":44,"column":71},"end":{"line":44,"column":80}}]},"10":{"type":"branch","line":21,"loc":{"start":{"line":21,"column":42},"end":{"line":21,"column":75}},"locations":[{"start":{"line":21,"column":42},"end":{"line":21,"column":75}}]},"11":{"type":"branch","line":48,"loc":{"start":{"line":48,"column":0},"end":{"line":60,"column":1}},"locations":[{"start":{"line":48,"column":0},"end":{"line":60,"column":1}}]},"12":{"type":"branch","line":55,"loc":{"start":{"line":55,"column":21},"end":{"line":55,"column":52}},"locations":[{"start":{"line":55,"column":21},"end":{"line":55,"column":52}}]},"13":{"type":"branch","line":55,"loc":{"start":{"line":55,"column":52},"end":{"line":58,"column":3}},"locations":[{"start":{"line":55,"column":52},"end":{"line":58,"column":3}}]},"14":{"type":"branch","line":59,"loc":{"start":{"line":59,"column":27},"end":{"line":59,"column":39}},"locations":[{"start":{"line":59,"column":27},"end":{"line":59,"column":39}}]}},"b":{"0":[2],"1":[10],"2":[10],"3":[0],"4":[0],"5":[20],"6":[0],"7":[8],"8":[1],"9":[1],"10":[6],"11":[1],"12":[4],"13":[4],"14":[0]},"fnMap":{"0":{"name":"dijkstra","decl":{"start":{"line":18,"column":7},"end":{"line":46,"column":1}},"loc":{"start":{"line":18,"column":7},"end":{"line":46,"column":1}},"line":18},"1":{"name":"buildPath","decl":{"start":{"line":48,"column":0},"end":{"line":60,"column":1}},"loc":{"start":{"line":48,"column":0},"end":{"line":60,"column":1}},"line":48}},"f":{"0":2,"1":1}}
,"/home/runner/work/dsa-core/dsa-core/Jaime-D-Z/dsa-core/packages/dsa-ts/src/algorithms/graph/index.ts": {"path":"/home/runner/work/dsa-core/dsa-core/Jaime-D-Z/dsa-core/packages/dsa-ts/src/algorithms/graph/index.ts","all":true,"statementMap":{"0":{"start":{"line":1,"column":0},"end":{"line":1,"column":36}},"1":{"start":{"line":2,"column":0},"end":{"line":2,"column":36}},"2":{"start":{"line":3,"column":0},"end":{"line":3,"column":41}},"3":{"start":{"line":4,"column":0},"end":{"line":4,"column":47}},"4":{"start":{"line":5,"column":0},"end":{"line":5,"column":47}},"5":{"start":{"line":6,"column":0},"end":{"line":6,"column":52}}},"s":{"0":0,"1":0,"2":0,"3":0,"4":0,"5":0},"branchMap":{"0":{"type":"branch","line":1,"loc":{"start":{"line":1,"column":264},"end":{"line":6,"column":52}},"locations":[{"start":{"line":1,"column":264},"end":{"line":6,"column":52}}]}},"b":{"0":[0]},"fnMap":{"0":{"name":"(empty-report)","decl":{"start":{"line":1,"column":264},"end":{"line":6,"column":52}},"loc":{"start":{"line":1,"column":264},"end":{"line":6,"column":52}},"line":1}},"f":{"0":0}}
,"/home/runner/work/dsa-core/dsa-core/Jaime-D-Z/dsa-core/packages/dsa-ts/src/algorithms/searching/binarySearch.ts": {"path":"/home/runner/work/dsa-core/dsa-core/Jaime-D-Z/dsa-core/packages/dsa-ts/src/algorithms/searching/binarySearch.ts","all":true,"statementMap":{"0":{"start":{"line":1,"column":0},"end":{"line":1,"column":3}},"1":{"start":{"line":2,"column":0},"end":{"line":2,"column":58}},"2":{"start":{"line":3,"column":0},"end":{"line":3,"column":50}},"3":{"start":{"line":4,"column":0},"end":{"line":4,"column":3}},"4":{"start":{"line":5,"column":0},"end":{"line":5,"column":32}},"5":{"start":{"line":6,"column":0},"end":{"line":6,"column":11}},"6":{"start":{"line":7,"column":0},"end":{"line":7,"column":12}},"7":{"start":{"line":8,"column":0},"end":{"line":8,"column":78}},"8":{"start":{"line":9,"column":0},"end":{"line":9,"column":11}},"9":{"start":{"line":10,"column":0},"end":{"line":10,"column":39}},"10":{"start":{"line":11,"column":0},"end":{"line":11,"column":0}},"11":{"start":{"line":12,"column":0},"end":{"line":12,"column":25}},"12":{"start":{"line":13,"column":0},"end":{"line":13,"column":55}},"13":{"start":{"line":14,"column":0},"end":{"line":14,"column":50}},"14":{"start":{"line":15,"column":0},"end":{"line":15,"column":30}},"15":{"start":{"line":16,"column":0},"end":{"line":16,"column":35}},"16":{"start":{"line":17,"column":0},"end":{"line":17,"column":36}},"17":{"start":{"line":18,"column":0},"end":{"line":18,"column":3}},"18":{"start":{"line":19,"column":0},"end":{"line":19,"column":12}},"19":{"start":{"line":20,"column":0},"end":{"line":20,"column":1}},"20":{"start":{"line":21,"column":0},"end":{"line":21,"column":0}},"21":{"start":{"line":22,"column":0},"end":{"line":22,"column":3}},"22":{"start":{"line":23,"column":0},"end":{"line":23,"column":43}},"23":{"start":{"line":24,"column":0},"end":{"line":24,"column":50}},"24":{"start":{"line":25,"column":0},"end":{"line":25,"column":3}},"25":{"start":{"line":26,"column":0},"end":{"line":26,"column":62}},"26":{"start":{"line":27,"column":0},"end":{"line":27,"column":40}},"27":{"start":{"line":28,"column":0},"end":{"line":28,"column":36}},"28":{"start":{"line":29,"column":0},"end":{"line":29,"column":3}},"29":{"start":{"line":30,"column":0},"end":{"line":30,"column":12}},"30":{"start":{"line":31,"column":0},"end":{"line":31,"column":1}}},"s":{"0":0,"1":0,"2":0,"3":0,"4":0,"5":0,"6":0,"7":0,"8":0,"9":0,"10":0,"11":0,"12":0,"13":0,"14":0,"15":0,"16":0,"17":0,"18":0,"19":0,"20":0,"21":0,"22":0,"23":0,"24":0,"25":0,"26":0,"27":0,"28":0,"29":0,"30":0},"branchMap":{"0":{"type":"branch","line":1,"loc":{"start":{"line":1,"column":827},"end":{"line":31,"column":1}},"locations":[{"start":{"line":1,"column":827},"end":{"line":31,"column":1}}]}},"b":{"0":[0]},"fnMap":{"0":{"name":"(empty-report)","decl":{"start":{"line":1,"column":827},"end":{"line":31,"column":1}},"loc":{"start":{"line":1,"column":827},"end":{"line":31,"column":1}},"line":1}},"f":{"0":0}}
,"/home/runner/work/dsa-core/dsa-core/Jaime-D-Z/dsa-core/packages/dsa-ts/src/algorithms/searching/index.ts": {"path":"/home/runner/work/dsa-core/dsa-core/Jaime-D-Z/dsa-core/packages/dsa-ts/src/algorithms/searching/index.ts","all":true,"statementMap":{"0":{"start":{"line":1,"column":0},"end":{"line":1,"column":63}}},"s":{"0":0},"branchMap":{"0":{"type":"branch","line":1,"loc":{"start":{"line":1,"column":0},"end":{"line":1,"column":63}},"locations":[{"start":{"line":1,"column":0},"end":{"line":1,"column":63}}]}},"b":{"0":[0]},"fnMap":{"0":{"name":"(empty-report)","decl":{"start":{"line":1,"column":0},"end":{"line":1,"column":63}},"loc":{"start":{"line":1,"column":0},"end":{"line":1,"column":63}},"line":1}},"f":{"0":0}}
,"/home/runner/work/dsa-core/dsa-core/Jaime-D-Z/dsa-core/packages/dsa-ts/src/algorithms/sorting/index.ts": {"path":"/home/runner/work/dsa-core/dsa-core/Jaime-D-Z/dsa-core/packages/dsa-ts/src/algorithms/sorting/index.ts","all":false,"statementMap":{"0":{"start":{"line":1,"column":0},"end":{"line":1,"column":43}},"1":{"start":{"line":2,"column":0},"end":{"line":2,"column":43}}},"s":{"0":1,"1":1},"branchMap":{},"b":{},"fnMap":{},"f":{}}
,"/home/runner/work/dsa-core/dsa-core/Jaime-D-Z/dsa-core/packages/dsa-ts/src/algorithms/sorting/mergeSort.ts": {"path":"/home/runner/work/dsa-core/dsa-core/Jaime-D-Z/dsa-core/packages/dsa-ts/src/algorithms/sorting/mergeSort.ts","all":false,"statementMap":{"0":{"start":{"line":1,"column":0},"end":{"line":1,"column":3}},"1":{"start":{"line":2,"column":0},"end":{"line":2,"column":55}},"2":{"start":{"line":3,"column":0},"end":{"line":3,"column":66}},"3":{"start":{"line":4,"column":0},"end":{"line":4,"column":3}},"4":{"start":{"line":5,"column":0},"end":{"line":5,"column":29}},"5":{"start":{"line":6,"column":0},"end":{"line":6,"column":11}},"6":{"start":{"line":7,"column":0},"end":{"line":7,"column":78}},"7":{"start":{"line":8,"column":0},"end":{"line":8,"column":8}},"8":{"start":{"line":9,"column":0},"end":{"line":9,"column":34}},"9":{"start":{"line":10,"column":0},"end":{"line":10,"column":0}},"10":{"start":{"line":11,"column":0},"end":{"line":11,"column":43}},"11":{"start":{"line":12,"column":0},"end":{"line":12,"column":57}},"12":{"start":{"line":13,"column":0},"end":{"line":13,"column":54}},"13":{"start":{"line":14,"column":0},"end":{"line":14,"column":0}},"14":{"start":{"line":15,"column":0},"end":{"line":15,"column":40}},"15":{"start":{"line":16,"column":0},"end":{"line":16,"column":1}},"16":{"start":{"line":17,"column":0},"end":{"line":17,"column":0}},"17":{"start":{"line":18,"column":0},"end":{"line":18,"column":76}},"18":{"start":{"line":19,"column":0},"end":{"line":19,"column":25}},"19":{"start":{"line":20,"column":0},"end":{"line":20,"column":19}},"20":{"start":{"line":21,"column":0},"end":{"line":21,"column":0}},"21":{"start":{"line":22,"column":0},"end":{"line":22,"column":47}},"22":{"start":{"line":23,"column":0},"end":{"line":23,"column":48}},"23":{"start":{"line":24,"column":0},"end":{"line":24,"column":34}},"24":{"start":{"line":25,"column":0},"end":{"line":25,"column":12}},"25":{"start":{"line":26,"column":0},"end":{"line":26,"column":35}},"26":{"start":{"line":27,"column":0},"end":{"line":27,"column":5}},"27":{"start":{"line":28,"column":0},"end":{"line":28,"column":3}},"28":{"start":{"line":29,"column":0},"end":{"line":29,"column":56}},"29":{"start":{"line":30,"column":0},"end":{"line":30,"column":56}},"30":{"start":{"line":31,"column":0},"end":{"line":31,"column":16}},"31":{"start":{"line":32,"column":0},"end":{"line":32,"column":1}}},"s":{"0":1,"1":1,"2":1,"3":1,"4":1,"5":36,"6":36,"7":36,"8":36,"9":16,"10":16,"11":16,"12":16,"13":16,"14":16,"15":16,"16":1,"17":16,"18":16,"19":16,"20":16,"21":16,"22":42,"23":16,"24":42,"25":26,"26":26,"27":42,"28":16,"29":16,"30":16,"31":16},"branchMap":{"0":{"type":"branch","line":5,"loc":{"start":{"line":5,"column":7},"end":{"line":16,"column":1}},"locations":[{"start":{"line":5,"column":7},"end":{"line":16,"column":1}}]},"1":{"type":"branch","line":9,"loc":{"start":{"line":9,"column":23},"end":{"line":9,"column":34}},"locations":[{"start":{"line":9,"column":23},"end":{"line":9,"column":34}}]},"2":{"type":"branch","line":9,"loc":{"start":{"line":9,"column":30},"end":{"line":16,"column":1}},"locations":[{"start":{"line":9,"column":30},"end":{"line":16,"column":1}}]},"3":{"type":"branch","line":7,"loc":{"start":{"line":7,"column":39},"end":{"line":7,"column":78}},"locations":[{"start":{"line":7,"column":39},"end":{"line":7,"column":78}}]},"4":{"type":"branch","line":7,"loc":{"start":{"line":7,"column":54},"end":{"line":7,"column":63}},"locations":[{"start":{"line":7,"column":54},"end":{"line":7,"column":63}}]},"5":{"type":"branch","line":7,"loc":{"start":{"line":7,"column":58},"end":{"line":7,"column":78}},"locations":[{"start":{"line":7,"column":58},"end":{"line":7,"column":78}}]},"6":{"type":"branch","line":7,"loc":{"start":{"line":7,"column":71},"end":{"line":7,"column":78}},"locations":[{"start":{"line":7,"column":71},"end":{"line":7,"column":78}}]},"7":{"type":"branch","line":18,"loc":{"start":{"line":18,"column":0},"end":{"line":32,"column":1}},"locations":[{"start":{"line":18,"column":0},"end":{"line":32,"column":1}}]},"8":{"type":"branch","line":22,"loc":{"start":{"line":22,"column":18},"end":{"line":22,"column":46}},"locations":[{"start":{"line":22,"column":18},"end":{"line":22,"column":46}}]},"9":{"type":"branch","line":22,"loc":{"start":{"line":22,"column":46},"end":{"line":28,"column":3}},"locations":[{"start":{"line":22,"column":46},"end":{"line":28,"column":3}}]},"10":{"type":"branch","line":23,"loc":{"start":{"line":23,"column":47},"end":{"line":25,"column":11}},"locations":[{"start":{"line":23,"column":47},"end":{"line":25,"column":11}}]},"11":{"type":"branch","line":25,"loc":{"start":{"line":25,"column":4},"end":{"line":27,"column":5}},"locations":[{"start":{"line":25,"column":4},"end":{"line":27,"column":5}}]},"12":{"type":"branch","line":29,"loc":{"start":{"line":29,"column":27},"end":{"line":29,"column":56}},"locations":[{"start":{"line":29,"column":27},"end":{"line":29,"column":56}}]},"13":{"type":"branch","line":30,"loc":{"start":{"line":30,"column":27},"end":{"line":30,"column":56}},"locations":[{"start":{"line":30,"column":27},"end":{"line":30,"column":56}}]}},"b":{"0":[36],"1":[20],"2":[16],"3":[42],"4":[16],"5":[26],"6":[0],"7":[16],"8":[52],"9":[42],"10":[16],"11":[26],"12":[10],"13":[6]},"fnMap":{"0":{"name":"mergeSort","decl":{"start":{"line":5,"column":7},"end":{"line":16,"column":1}},"loc":{"start":{"line":5,"column":7},"end":{"line":16,"column":1}},"line":5},"1":{"name":"comparator","decl":{"start":{"line":7,"column":39},"end":{"line":7,"column":78}},"loc":{"start":{"line":7,"column":39},"end":{"line":7,"column":78}},"line":7},"2":{"name":"merge","decl":{"start":{"line":18,"column":0},"end":{"line":32,"column":1}},"loc":{"start":{"line":18,"column":0},"end":{"line":32,"column":1}},"line":18}},"f":{"0":36,"1":42,"2":16}}
,"/home/runner/work/dsa-core/dsa-core/Jaime-D-Z/dsa-core/packages/dsa-ts/src/algorithms/sorting/quickSort.ts": {"path":"/home/runner/work/dsa-core/dsa-core/Jaime-D-Z/dsa-core/packages/dsa-ts/src/algorithms/sorting/quickSort.ts","all":false,"statementMap":{"0":{"start":{"line":1,"column":0},"end":{"line":1,"column":3}},"1":{"start":{"line":2,"column":0},"end":{"line":2,"column":53}},"2":{"start":{"line":3,"column":0},"end":{"line":3,"column":61}},"3":{"start":{"line":4,"column":0},"end":{"line":4,"column":3}},"4":{"start":{"line":5,"column":0},"end":{"line":5,"column":29}},"5":{"start":{"line":6,"column":0},"end":{"line":6,"column":11}},"6":{"start":{"line":7,"column":0},"end":{"line":7,"column":78}},"7":{"start":{"line":8,"column":0},"end":{"line":8,"column":8}},"8":{"start":{"line":9,"column":0},"end":{"line":9,"column":24}},"9":{"start":{"line":10,"column":0},"end":{"line":10,"column":43}},"10":{"start":{"line":11,"column":0},"end":{"line":11,"column":14}},"11":{"start":{"line":12,"column":0},"end":{"line":12,"column":1}},"12":{"start":{"line":13,"column":0},"end":{"line":13,"column":0}},"13":{"start":{"line":14,"column":0},"end":{"line":14,"column":85}},"14":{"start":{"line":15,"column":0},"end":{"line":15,"column":23}},"15":{"start":{"line":16,"column":0},"end":{"line":16,"column":40}},"16":{"start":{"line":17,"column":0},"end":{"line":17,"column":26}},"17":{"start":{"line":18,"column":0},"end":{"line":18,"column":26}},"18":{"start":{"line":19,"column":0},"end":{"line":19,"column":1}},"19":{"start":{"line":20,"column":0},"end":{"line":20,"column":0}},"20":{"start":{"line":21,"column":0},"end":{"line":21,"column":94}},"21":{"start":{"line":22,"column":0},"end":{"line":22,"column":28}},"22":{"start":{"line":23,"column":0},"end":{"line":23,"column":40}},"23":{"start":{"line":24,"column":0},"end":{"line":24,"column":63}},"24":{"start":{"line":25,"column":0},"end":{"line":25,"column":63}},"25":{"start":{"line":26,"column":0},"end":{"line":26,"column":63}},"26":{"start":{"line":27,"column":0},"end":{"line":27,"column":29}},"27":{"start":{"line":28,"column":0},"end":{"line":28,"column":0}},"28":{"start":{"line":29,"column":0},"end":{"line":29,"column":17}},"29":{"start":{"line":30,"column":0},"end":{"line":30,"column":33}},"30":{"start":{"line":31,"column":0},"end":{"line":31,"column":39}},"31":{"start":{"line":32,"column":0},"end":{"line":32,"column":24}},"32":{"start":{"line":33,"column":0},"end":{"line":33,"column":5}},"33":{"start":{"line":34,"column":0},"end":{"line":34,"column":3}},"34":{"start":{"line":35,"column":0},"end":{"line":35,"column":23}},"35":{"start":{"line":36,"column":0},"end":{"line":36,"column":15}},"36":{"start":{"line":37,"column":0},"end":{"line":37,"column":1}},"37":{"start":{"line":38,"column":0},"end":{"line":38,"column":0}},"38":{"start":{"line":39,"column":0},"end":{"line":39,"column":56}},"39":{"start":{"line":40,"column":0},"end":{"line":40,"column":26}},"40":{"start":{"line":41,"column":0},"end":{"line":41,"column":23}},"41":{"start":{"line":42,"column":0},"end":{"line":42,"column":15}},"42":{"start":{"line":43,"column":0},"end":{"line":43,"column":1}}},"s":{"0":1,"1":1,"2":1,"3":1,"4":1,"5":2,"6":2,"7":2,"8":2,"9":2,"10":2,"11":2,"12":1,"13":18,"14":18,"15":8,"16":8,"17":8,"18":8,"19":1,"20":8,"21":8,"22":8,"23":8,"24":8,"25":8,"26":8,"27":8,"28":8,"29":8,"30":32,"31":20,"32":20,"33":32,"34":8,"35":8,"36":8,"37":1,"38":30,"39":30,"40":30,"41":30,"42":30},"branchMap":{"0":{"type":"branch","line":5,"loc":{"start":{"line":5,"column":7},"end":{"line":12,"column":1}},"locations":[{"start":{"line":5,"column":7},"end":{"line":12,"column":1}}]},"1":{"type":"branch","line":7,"loc":{"start":{"line":7,"column":39},"end":{"line":7,"column":78}},"locations":[{"start":{"line":7,"column":39},"end":{"line":7,"column":78}}]},"2":{"type":"branch","line":7,"loc":{"start":{"line":7,"column":54},"end":{"line":7,"column":63}},"locations":[{"start":{"line":7,"column":54},"end":{"line":7,"column":63}}]},"3":{"type":"branch","line":7,"loc":{"start":{"line":7,"column":58},"end":{"line":7,"column":78}},"locations":[{"start":{"line":7,"column":58},"end":{"line":7,"column":78}}]},"4":{"type":"branch","line":7,"loc":{"start":{"line":7,"column":71},"end":{"line":7,"column":78}},"locations":[{"start":{"line":7,"column":71},"end":{"line":7,"column":78}}]},"5":{"type":"branch","line":14,"loc":{"start":{"line":14,"column":0},"end":{"line":19,"column":1}},"locations":[{"start":{"line":14,"column":0},"end":{"line":19,"column":1}}]},"6":{"type":"branch","line":15,"loc":{"start":{"line":15,"column":16},"end":{"line":15,"column":23}},"locations":[{"start":{"line":15,"column":16},"end":{"line":15,"column":23}}]},"7":{"type":"branch","line":15,"loc":{"start":{"line":15,"column":16},"end":{"line":19,"column":1}},"locations":[{"start":{"line":15,"column":16},"end":{"line":19,"column":1}}]},"8":{"type":"branch","line":21,"loc":{"start":{"line":21,"column":0},"end":{"line":37,"column":1}},"locations":[{"start":{"line":21,"column":0},"end":{"line":37,"column":1}}]},"9":{"type":"branch","line":24,"loc":{"start":{"line":24,"column":44},"end":{"line":24,"column":63}},"locations":[{"start":{"line":24,"column":44},"end":{"line":24,"column":63}}]},"10":{"type":"branch","line":25,"loc":{"start":{"line":25,"column":44},"end":{"line":25,"column":63}},"locations":[{"start":{"line":25,"column":44},"end":{"line":25,"column":63}}]},"11":{"type":"branch","line":26,"loc":{"start":{"line":26,"column":44},"end":{"line":26,"column":63}},"locations":[{"start":{"line":26,"column":44},"end":{"line":26,"column":63}}]},"12":{"type":"branch","line":30,"loc":{"start":{"line":30,"column":32},"end":{"line":34,"column":3}},"locations":[{"start":{"line":30,"column":32},"end":{"line":34,"column":3}}]},"13":{"type":"branch","line":31,"loc":{"start":{"line":31,"column":38},"end":{"line":33,"column":5}},"locations":[{"start":{"line":31,"column":38},"end":{"line":33,"column":5}}]},"14":{"type":"branch","line":39,"loc":{"start":{"line":39,"column":0},"end":{"line":43,"column":1}},"locations":[{"start":{"line":39,"column":0},"end":{"line":43,"column":1}}]}},"b":{"0":[2],"1":[56],"2":[22],"3":[34],"4":[0],"5":[18],"6":[10],"7":[8],"8":[8],"9":[2],"10":[0],"11":[0],"12":[32],"13":[20],"14":[30]},"fnMap":{"0":{"name":"quickSort","decl":{"start":{"line":5,"column":7},"end":{"line":12,"column":1}},"loc":{"start":{"line":5,"column":7},"end":{"line":12,"column":1}},"line":5},"1":{"name":"comparator","decl":{"start":{"line":7,"column":39},"end":{"line":7,"column":78}},"loc":{"start":{"line":7,"column":39},"end":{"line":7,"column":78}},"line":7},"2":{"name":"qs","decl":{"start":{"line":14,"column":0},"end":{"line":19,"column":1}},"loc":{"start":{"line":14,"column":0},"end":{"line":19,"column":1}},"line":14},"3":{"name":"partition","decl":{"start":{"line":21,"column":0},"end":{"line":37,"column":1}},"loc":{"start":{"line":21,"column":0},"end":{"line":37,"column":1}},"line":21},"4":{"name":"swap","decl":{"start":{"line":39,"column":0},"end":{"line":43,"column":1}},"loc":{"start":{"line":39,"column":0},"end":{"line":43,"column":1}},"line":39}},"f":{"0":2,"1":56,"2":18,"3":8,"4":30}}
,"/home/runner/work/dsa-core/dsa-core/Jaime-D-Z/dsa-core/packages/dsa-ts/src/structures/BinarySearchTree.ts": {"path":"/home/runner/work/dsa-core/dsa-core/Jaime-D-Z/dsa-core/packages/dsa-ts/src/structures/BinarySearchTree.ts","all":true,"statementMap":{"0":{"start":{"line":1,"column":0},"end":{"line":1,"column":3}},"1":{"start":{"line":2,"column":0},"end":{"line":2,"column":21}},"2":{"start":{"line":3,"column":0},"end":{"line":3,"column":2}},"3":{"start":{"line":4,"column":0},"end":{"line":4,"column":51}},"4":{"start":{"line":5,"column":0},"end":{"line":5,"column":2}},"5":{"start":{"line":6,"column":0},"end":{"line":6,"column":33}},"6":{"start":{"line":7,"column":0},"end":{"line":7,"column":21}},"7":{"start":{"line":8,"column":0},"end":{"line":8,"column":21}},"8":{"start":{"line":9,"column":0},"end":{"line":9,"column":21}},"9":{"start":{"line":10,"column":0},"end":{"line":10,"column":17}},"10":{"start":{"line":11,"column":0},"end":{"line":11,"column":3}},"11":{"start":{"line":12,"column":0},"end":{"line":12,"column":22}},"12":{"start":{"line":13,"column":0},"end":{"line":13,"column":11}},"13":{"start":{"line":14,"column":0},"end":{"line":14,"column":27}},"14":{"start":{"line":15,"column":0},"end":{"line":15,"column":27}},"15":{"start":{"line":16,"column":0},"end":{"line":16,"column":1}},"16":{"start":{"line":17,"column":0},"end":{"line":17,"column":0}},"17":{"start":{"line":18,"column":0},"end":{"line":18,"column":34}},"18":{"start":{"line":19,"column":0},"end":{"line":19,"column":41}},"19":{"start":{"line":20,"column":0},"end":{"line":20,"column":20}},"20":{"start":{"line":21,"column":0},"end":{"line":21,"column":0}},"21":{"start":{"line":22,"column":0},"end":{"line":22,"column":43}},"22":{"start":{"line":23,"column":0},"end":{"line":23,"column":0}},"23":{"start":{"line":24,"column":0},"end":{"line":24,"column":26}},"24":{"start":{"line":25,"column":0},"end":{"line":25,"column":50}},"25":{"start":{"line":26,"column":0},"end":{"line":26,"column":3}},"26":{"start":{"line":27,"column":0},"end":{"line":27,"column":0}},"27":{"start":{"line":28,"column":0},"end":{"line":28,"column":29}},"28":{"start":{"line":29,"column":0},"end":{"line":29,"column":45}},"29":{"start":{"line":30,"column":0},"end":{"line":30,"column":3}},"30":{"start":{"line":31,"column":0},"end":{"line":31,"column":0}},"31":{"start":{"line":32,"column":0},"end":{"line":32,"column":26}},"32":{"start":{"line":33,"column":0},"end":{"line":33,"column":50}},"33":{"start":{"line":34,"column":0},"end":{"line":34,"column":3}},"34":{"start":{"line":35,"column":0},"end":{"line":35,"column":0}},"35":{"start":{"line":36,"column":0},"end":{"line":36,"column":68}},"36":{"start":{"line":37,"column":0},"end":{"line":37,"column":18}},"37":{"start":{"line":38,"column":0},"end":{"line":38,"column":27}},"38":{"start":{"line":39,"column":0},"end":{"line":39,"column":45}},"39":{"start":{"line":40,"column":0},"end":{"line":40,"column":18}},"40":{"start":{"line":41,"column":0},"end":{"line":41,"column":3}},"41":{"start":{"line":42,"column":0},"end":{"line":42,"column":0}},"42":{"start":{"line":43,"column":0},"end":{"line":43,"column":19}},"43":{"start":{"line":44,"column":0},"end":{"line":44,"column":40}},"44":{"start":{"line":45,"column":0},"end":{"line":45,"column":25}},"45":{"start":{"line":46,"column":0},"end":{"line":46,"column":48}},"46":{"start":{"line":47,"column":0},"end":{"line":47,"column":22}},"47":{"start":{"line":48,"column":0},"end":{"line":48,"column":3}},"48":{"start":{"line":49,"column":0},"end":{"line":49,"column":0}},"49":{"start":{"line":50,"column":0},"end":{"line":50,"column":19}},"50":{"start":{"line":51,"column":0},"end":{"line":51,"column":40}},"51":{"start":{"line":52,"column":0},"end":{"line":52,"column":25}},"52":{"start":{"line":53,"column":0},"end":{"line":53,"column":50}},"53":{"start":{"line":54,"column":0},"end":{"line":54,"column":22}},"54":{"start":{"line":55,"column":0},"end":{"line":55,"column":3}},"55":{"start":{"line":56,"column":0},"end":{"line":56,"column":0}},"56":{"start":{"line":57,"column":0},"end":{"line":57,"column":69}},"57":{"start":{"line":58,"column":0},"end":{"line":58,"column":24}},"58":{"start":{"line":59,"column":0},"end":{"line":59,"column":19}},"59":{"start":{"line":60,"column":0},"end":{"line":60,"column":48}},"60":{"start":{"line":61,"column":0},"end":{"line":61,"column":5}},"61":{"start":{"line":62,"column":0},"end":{"line":62,"column":80}},"62":{"start":{"line":63,"column":0},"end":{"line":63,"column":81}},"63":{"start":{"line":64,"column":0},"end":{"line":64,"column":16}},"64":{"start":{"line":65,"column":0},"end":{"line":65,"column":3}},"65":{"start":{"line":66,"column":0},"end":{"line":66,"column":0}},"66":{"start":{"line":67,"column":0},"end":{"line":67,"column":66}},"67":{"start":{"line":68,"column":0},"end":{"line":68,"column":43}},"68":{"start":{"line":69,"column":0},"end":{"line":69,"column":42}},"69":{"start":{"line":70,"column":0},"end":{"line":70,"column":71}},"70":{"start":{"line":71,"column":0},"end":{"line":71,"column":46}},"71":{"start":{"line":72,"column":0},"end":{"line":72,"column":3}},"72":{"start":{"line":73,"column":0},"end":{"line":73,"column":0}},"73":{"start":{"line":74,"column":0},"end":{"line":74,"column":76}},"74":{"start":{"line":75,"column":0},"end":{"line":75,"column":35}},"75":{"start":{"line":76,"column":0},"end":{"line":76,"column":29}},"76":{"start":{"line":77,"column":0},"end":{"line":77,"column":52}},"77":{"start":{"line":78,"column":0},"end":{"line":78,"column":36}},"78":{"start":{"line":79,"column":0},"end":{"line":79,"column":54}},"79":{"start":{"line":80,"column":0},"end":{"line":80,"column":12}},"80":{"start":{"line":81,"column":0},"end":{"line":81,"column":19}},"81":{"start":{"line":82,"column":0},"end":{"line":82,"column":49}},"82":{"start":{"line":83,"column":0},"end":{"line":83,"column":48}},"83":{"start":{"line":84,"column":0},"end":{"line":84,"column":54}},"84":{"start":{"line":85,"column":0},"end":{"line":85,"column":31}},"85":{"start":{"line":86,"column":0},"end":{"line":86,"column":59}},"86":{"start":{"line":87,"column":0},"end":{"line":87,"column":33}},"87":{"start":{"line":88,"column":0},"end":{"line":88,"column":62}},"88":{"start":{"line":89,"column":0},"end":{"line":89,"column":54}},"89":{"start":{"line":90,"column":0},"end":{"line":90,"column":5}},"90":{"start":{"line":91,"column":0},"end":{"line":91,"column":16}},"91":{"start":{"line":92,"column":0},"end":{"line":92,"column":3}},"92":{"start":{"line":93,"column":0},"end":{"line":93,"column":0}},"93":{"start":{"line":94,"column":0},"end":{"line":94,"column":72}},"94":{"start":{"line":95,"column":0},"end":{"line":95,"column":30}},"95":{"start":{"line":96,"column":0},"end":{"line":96,"column":45}},"96":{"start":{"line":97,"column":0},"end":{"line":97,"column":28}},"97":{"start":{"line":98,"column":0},"end":{"line":98,"column":46}},"98":{"start":{"line":99,"column":0},"end":{"line":99,"column":3}},"99":{"start":{"line":100,"column":0},"end":{"line":100,"column":1}}},"s":{"0":0,"1":0,"2":0,"3":0,"4":0,"5":0,"6":0,"7":0,"8":0,"9":0,"10":0,"11":0,"12":0,"13":0,"14":0,"15":0,"16":0,"17":0,"18":0,"19":0,"20":0,"21":0,"22":0,"23":0,"24":0,"25":0,"26":0,"27":0,"28":0,"29":0,"30":0,"31":0,"32":0,"33":0,"34":0,"35":0,"36":0,"37":0,"38":0,"39":0,"40":0,"41":0,"42":0,"43":0,"44":0,"45":0,"46":0,"47":0,"48":0,"49":0,"50":0,"51":0,"52":0,"53":0,"54":0,"55":0,"56":0,"57":0,"58":0,"59":0,"60":0,"61":0,"62":0,"63":0,"64":0,"65":0,"66":0,"67":0,"68":0,"69":0,"70":0,"71":0,"72":0,"73":0,"74":0,"75":0,"76":0,"77":0,"78":0,"79":0,"80":0,"81":0,"82":0,"83":0,"84":0,"85":0,"86":0,"87":0,"88":0,"89":0,"90":0,"91":0,"92":0,"93":0,"94":0,"95":0,"96":0,"97":0,"98":0,"99":0},"branchMap":{"0":{"type":"branch","line":1,"loc":{"start":{"line":1,"column":2818},"end":{"line":100,"column":1}},"locations":[{"start":{"line":1,"column":2818},"end":{"line":100,"column":1}}]}},"b":{"0":[0]},"fnMap":{"0":{"name":"(empty-report)","decl":{"start":{"line":1,"column":2818},"end":{"line":100,"column":1}},"loc":{"start":{"line":1,"column":2818},"end":{"line":100,"column":1}},"line":1}},"f":{"0":0}}
,"/home/runner/work/dsa-core/dsa-core/Jaime-D-Z/dsa-core/packages/dsa-ts/src/structures/Graph.ts": {"path":"/home/runner/work/dsa-core/dsa-core/Jaime-D-Z/dsa-core/packages/dsa-ts/src/structures/Graph.ts","all":false,"statementMap":{"0":{"start":{"line":1,"column":0},"end":{"line":1,"column":3}},"1":{"start":{"line":2,"column":0},"end":{"line":2,"column":49}},"2":{"start":{"line":3,"column":0},"end":{"line":3,"column":2}},"3":{"start":{"line":4,"column":0},"end":{"line":4,"column":14}},"4":{"start":{"line":5,"column":0},"end":{"line":5,"column":19}},"5":{"start":{"line":6,"column":0},"end":{"line":6,"column":19}},"6":{"start":{"line":7,"column":0},"end":{"line":7,"column":19}},"7":{"start":{"line":8,"column":0},"end":{"line":8,"column":19}},"8":{"start":{"line":9,"column":0},"end":{"line":9,"column":3}},"9":{"start":{"line":10,"column":0},"end":{"line":10,"column":23}},"10":{"start":{"line":11,"column":0},"end":{"line":11,"column":17}},"11":{"start":{"line":12,"column":0},"end":{"line":12,"column":17}},"12":{"start":{"line":13,"column":0},"end":{"line":13,"column":1}},"13":{"start":{"line":14,"column":0},"end":{"line":14,"column":0}},"14":{"start":{"line":15,"column":0},"end":{"line":15,"column":20}},"15":{"start":{"line":16,"column":0},"end":{"line":16,"column":57}},"16":{"start":{"line":17,"column":0},"end":{"line":17,"column":0}},"17":{"start":{"line":18,"column":0},"end":{"line":18,"column":29}},"18":{"start":{"line":19,"column":0},"end":{"line":19,"column":31}},"19":{"start":{"line":20,"column":0},"end":{"line":20,"column":36}},"20":{"start":{"line":21,"column":0},"end":{"line":21,"column":35}},"21":{"start":{"line":22,"column":0},"end":{"line":22,"column":5}},"22":{"start":{"line":23,"column":0},"end":{"line":23,"column":3}},"23":{"start":{"line":24,"column":0},"end":{"line":24,"column":0}},"24":{"start":{"line":25,"column":0},"end":{"line":25,"column":5}},"25":{"start":{"line":26,"column":0},"end":{"line":26,"column":54}},"26":{"start":{"line":27,"column":0},"end":{"line":27,"column":59}},"27":{"start":{"line":28,"column":0},"end":{"line":28,"column":5}},"28":{"start":{"line":29,"column":0},"end":{"line":29,"column":55}},"29":{"start":{"line":30,"column":0},"end":{"line":30,"column":23}},"30":{"start":{"line":31,"column":0},"end":{"line":31,"column":21}},"31":{"start":{"line":32,"column":0},"end":{"line":32,"column":53}},"32":{"start":{"line":33,"column":0},"end":{"line":33,"column":24}},"33":{"start":{"line":34,"column":0},"end":{"line":34,"column":40}},"34":{"start":{"line":35,"column":0},"end":{"line":35,"column":33}},"35":{"start":{"line":36,"column":0},"end":{"line":36,"column":5}},"36":{"start":{"line":37,"column":0},"end":{"line":37,"column":3}},"37":{"start":{"line":38,"column":0},"end":{"line":38,"column":0}},"38":{"start":{"line":39,"column":0},"end":{"line":39,"column":58}},"39":{"start":{"line":40,"column":0},"end":{"line":40,"column":61}},"40":{"start":{"line":41,"column":0},"end":{"line":41,"column":31}},"41":{"start":{"line":42,"column":0},"end":{"line":42,"column":31}},"42":{"start":{"line":43,"column":0},"end":{"line":43,"column":3}},"43":{"start":{"line":44,"column":0},"end":{"line":44,"column":0}},"44":{"start":{"line":45,"column":0},"end":{"line":45,"column":35}},"45":{"start":{"line":46,"column":0},"end":{"line":46,"column":42}},"46":{"start":{"line":47,"column":0},"end":{"line":47,"column":3}},"47":{"start":{"line":48,"column":0},"end":{"line":48,"column":0}},"48":{"start":{"line":49,"column":0},"end":{"line":49,"column":34}},"49":{"start":{"line":50,"column":0},"end":{"line":50,"column":36}},"50":{"start":{"line":51,"column":0},"end":{"line":51,"column":3}},"51":{"start":{"line":52,"column":0},"end":{"line":52,"column":0}},"52":{"start":{"line":53,"column":0},"end":{"line":53,"column":25}},"53":{"start":{"line":54,"column":0},"end":{"line":54,"column":38}},"54":{"start":{"line":55,"column":0},"end":{"line":55,"column":3}},"55":{"start":{"line":56,"column":0},"end":{"line":56,"column":0}},"56":{"start":{"line":57,"column":0},"end":{"line":57,"column":22}},"57":{"start":{"line":58,"column":0},"end":{"line":58,"column":31}},"58":{"start":{"line":59,"column":0},"end":{"line":59,"column":3}},"59":{"start":{"line":60,"column":0},"end":{"line":60,"column":1}}},"s":{"0":1,"1":1,"2":1,"3":1,"4":1,"5":1,"6":1,"7":1,"8":1,"9":1,"10":1,"11":1,"12":1,"13":1,"14":1,"15":1,"16":1,"17":1,"18":1,"19":88,"20":25,"21":25,"22":88,"23":1,"24":1,"25":1,"26":1,"27":1,"28":1,"29":43,"30":43,"31":43,"32":43,"33":43,"34":43,"35":43,"36":43,"37":1,"38":1,"39":1,"40":20,"41":20,"42":20,"43":1,"44":1,"45":23,"46":23,"47":1,"48":1,"49":4,"50":4,"51":1,"52":1,"53":2,"54":2,"55":1,"56":1,"57":0,"58":0,"59":1},"branchMap":{"0":{"type":"branch","line":16,"loc":{"start":{"line":16,"column":19},"end":{"line":16,"column":57}},"locations":[{"start":{"line":16,"column":19},"end":{"line":16,"column":57}}]},"1":{"type":"branch","line":19,"loc":{"start":{"line":19,"column":2},"end":{"line":23,"column":3}},"locations":[{"start":{"line":19,"column":2},"end":{"line":23,"column":3}}]},"2":{"type":"branch","line":20,"loc":{"start":{"line":20,"column":35},"end":{"line":22,"column":5}},"locations":[{"start":{"line":20,"column":35},"end":{"line":22,"column":5}}]},"3":{"type":"branch","line":29,"loc":{"start":{"line":29,"column":2},"end":{"line":37,"column":3}},"locations":[{"start":{"line":29,"column":2},"end":{"line":37,"column":3}}]},"4":{"type":"branch","line":34,"loc":{"start":{"line":34,"column":20},"end":{"line":34,"column":36}},"locations":[{"start":{"line":34,"column":20},"end":{"line":34,"column":36}}]},"5":{"type":"branch","line":40,"loc":{"start":{"line":40,"column":2},"end":{"line":43,"column":3}},"locations":[{"start":{"line":40,"column":2},"end":{"line":43,"column":3}}]},"6":{"type":"branch","line":45,"loc":{"start":{"line":45,"column":2},"end":{"line":47,"column":3}},"locations":[{"start":{"line":45,"column":2},"end":{"line":47,"column":3}}]},"7":{"type":"branch","line":46,"loc":{"start":{"line":46,"column":34},"end":{"line":46,"column":42}},"locations":[{"start":{"line":46,"column":34},"end":{"line":46,"column":42}}]},"8":{"type":"branch","line":49,"loc":{"start":{"line":49,"column":2},"end":{"line":51,"column":3}},"locations":[{"start":{"line":49,"column":2},"end":{"line":51,"column":3}}]},"9":{"type":"branch","line":53,"loc":{"start":{"line":53,"column":2},"end":{"line":55,"column":3}},"locations":[{"start":{"line":53,"column":2},"end":{"line":55,"column":3}}]}},"b":{"0":[6],"1":[88],"2":[25],"3":[43],"4":[24],"5":[20],"6":[23],"7":[0],"8":[4],"9":[2]},"fnMap":{"0":{"name":"<instance_members_initializer>","decl":{"start":{"line":16,"column":19},"end":{"line":16,"column":57}},"loc":{"start":{"line":16,"column":19},"end":{"line":16,"column":57}},"line":16},"1":{"name":"addNode","decl":{"start":{"line":19,"column":2},"end":{"line":23,"column":3}},"loc":{"start":{"line":19,"column":2},"end":{"line":23,"column":3}},"line":19},"2":{"name":"addEdge","decl":{"start":{"line":29,"column":2},"end":{"line":37,"column":3}},"loc":{"start":{"line":29,"column":2},"end":{"line":37,"column":3}},"line":29},"3":{"name":"addUndirectedEdge","decl":{"start":{"line":40,"column":2},"end":{"line":43,"column":3}},"loc":{"start":{"line":40,"column":2},"end":{"line":43,"column":3}},"line":40},"4":{"name":"neighbors","decl":{"start":{"line":45,"column":2},"end":{"line":47,"column":3}},"loc":{"start":{"line":45,"column":2},"end":{"line":47,"column":3}},"line":45},"5":{"name":"hasNode","decl":{"start":{"line":49,"column":2},"end":{"line":51,"column":3}},"loc":{"start":{"line":49,"column":2},"end":{"line":51,"column":3}},"line":49},"6":{"name":"get nodes","decl":{"start":{"line":53,"column":2},"end":{"line":55,"column":3}},"loc":{"start":{"line":53,"column":2},"end":{"line":55,"column":3}},"line":53},"7":{"name":"get size","decl":{"start":{"line":57,"column":2},"end":{"line":59,"column":3}},"loc":{"start":{"line":57,"column":2},"end":{"line":59,"column":3}},"line":57}},"f":{"0":6,"1":88,"2":43,"3":20,"4":23,"5":4,"6":2,"7":0}}
,"/home/runner/work/dsa-core/dsa-core/Jaime-D-Z/dsa-core/packages/dsa-ts/src/structures/HashMap.ts": {"path":"/home/runner/work/dsa-core/dsa-core/Jaime-D-Z/dsa-core/packages/dsa-ts/src/structures/HashMap.ts","all":true,"statementMap":{"0":{"start":{"line":1,"column":0},"end":{"line":1,"column":3}},"1":{"start":{"line":2,"column":0},"end":{"line":2,"column":57}},"2":{"start":{"line":3,"column":0},"end":{"line":3,"column":2}},"3":{"start":{"line":4,"column":0},"end":{"line":4,"column":25}},"4":{"start":{"line":5,"column":0},"end":{"line":5,"column":16}},"5":{"start":{"line":6,"column":0},"end":{"line":6,"column":16}},"6":{"start":{"line":7,"column":0},"end":{"line":7,"column":16}},"7":{"start":{"line":8,"column":0},"end":{"line":8,"column":16}},"8":{"start":{"line":9,"column":0},"end":{"line":9,"column":2}},"9":{"start":{"line":10,"column":0},"end":{"line":10,"column":53}},"10":{"start":{"line":11,"column":0},"end":{"line":11,"column":3}},"11":{"start":{"line":12,"column":0},"end":{"line":12,"column":0}},"12":{"start":{"line":13,"column":0},"end":{"line":13,"column":23}},"13":{"start":{"line":14,"column":0},"end":{"line":14,"column":9}},"14":{"start":{"line":15,"column":0},"end":{"line":15,"column":11}},"15":{"start":{"line":16,"column":0},"end":{"line":16,"column":1}},"16":{"start":{"line":17,"column":0},"end":{"line":17,"column":0}},"17":{"start":{"line":18,"column":0},"end":{"line":18,"column":28}},"18":{"start":{"line":19,"column":0},"end":{"line":19,"column":45}},"19":{"start":{"line":20,"column":0},"end":{"line":20,"column":20}},"20":{"start":{"line":21,"column":0},"end":{"line":21,"column":38}},"21":{"start":{"line":22,"column":0},"end":{"line":22,"column":0}},"22":{"start":{"line":23,"column":0},"end":{"line":23,"column":38}},"23":{"start":{"line":24,"column":0},"end":{"line":24,"column":62}},"24":{"start":{"line":25,"column":0},"end":{"line":25,"column":3}},"25":{"start":{"line":26,"column":0},"end":{"line":26,"column":0}},"26":{"start":{"line":27,"column":0},"end":{"line":27,"column":43}},"27":{"start":{"line":28,"column":0},"end":{"line":28,"column":0}},"28":{"start":{"line":29,"column":0},"end":{"line":29,"column":32}},"29":{"start":{"line":30,"column":0},"end":{"line":30,"column":28}},"30":{"start":{"line":31,"column":0},"end":{"line":31,"column":17}},"31":{"start":{"line":32,"column":0},"end":{"line":32,"column":42}},"32":{"start":{"line":33,"column":0},"end":{"line":33,"column":51}},"33":{"start":{"line":34,"column":0},"end":{"line":34,"column":5}},"34":{"start":{"line":35,"column":0},"end":{"line":35,"column":32}},"35":{"start":{"line":36,"column":0},"end":{"line":36,"column":3}},"36":{"start":{"line":37,"column":0},"end":{"line":37,"column":0}},"37":{"start":{"line":38,"column":0},"end":{"line":38,"column":63}},"38":{"start":{"line":39,"column":0},"end":{"line":39,"column":31}},"39":{"start":{"line":40,"column":0},"end":{"line":40,"column":57}},"40":{"start":{"line":41,"column":0},"end":{"line":41,"column":20}},"41":{"start":{"line":42,"column":0},"end":{"line":42,"column":5}},"42":{"start":{"line":43,"column":0},"end":{"line":43,"column":34}},"43":{"start":{"line":44,"column":0},"end":{"line":44,"column":61}},"44":{"start":{"line":45,"column":0},"end":{"line":45,"column":51}},"45":{"start":{"line":46,"column":0},"end":{"line":46,"column":30}},"46":{"start":{"line":47,"column":0},"end":{"line":47,"column":26}},"47":{"start":{"line":48,"column":0},"end":{"line":48,"column":12}},"48":{"start":{"line":49,"column":0},"end":{"line":49,"column":34}},"49":{"start":{"line":50,"column":0},"end":{"line":50,"column":19}},"50":{"start":{"line":51,"column":0},"end":{"line":51,"column":5}},"51":{"start":{"line":52,"column":0},"end":{"line":52,"column":3}},"52":{"start":{"line":53,"column":0},"end":{"line":53,"column":0}},"53":{"start":{"line":54,"column":0},"end":{"line":54,"column":60}},"54":{"start":{"line":55,"column":0},"end":{"line":55,"column":30}},"55":{"start":{"line":56,"column":0},"end":{"line":56,"column":70}},"56":{"start":{"line":57,"column":0},"end":{"line":57,"column":50}},"57":{"start":{"line":58,"column":0},"end":{"line":58,"column":3}},"58":{"start":{"line":59,"column":0},"end":{"line":59,"column":0}},"59":{"start":{"line":60,"column":0},"end":{"line":60,"column":46}},"60":{"start":{"line":61,"column":0},"end":{"line":61,"column":24}},"61":{"start":{"line":62,"column":0},"end":{"line":62,"column":70}},"62":{"start":{"line":63,"column":0},"end":{"line":63,"column":43}},"63":{"start":{"line":64,"column":0},"end":{"line":64,"column":3}},"64":{"start":{"line":65,"column":0},"end":{"line":65,"column":0}},"65":{"start":{"line":66,"column":0},"end":{"line":66,"column":40}},"66":{"start":{"line":67,"column":0},"end":{"line":67,"column":27}},"67":{"start":{"line":68,"column":0},"end":{"line":68,"column":34}},"68":{"start":{"line":69,"column":0},"end":{"line":69,"column":61}},"69":{"start":{"line":70,"column":0},"end":{"line":70,"column":56}},"70":{"start":{"line":71,"column":0},"end":{"line":71,"column":33}},"71":{"start":{"line":72,"column":0},"end":{"line":72,"column":26}},"72":{"start":{"line":73,"column":0},"end":{"line":73,"column":17}},"73":{"start":{"line":74,"column":0},"end":{"line":74,"column":16}},"74":{"start":{"line":75,"column":0},"end":{"line":75,"column":3}},"75":{"start":{"line":76,"column":0},"end":{"line":76,"column":0}},"76":{"start":{"line":77,"column":0},"end":{"line":77,"column":26}},"77":{"start":{"line":78,"column":0},"end":{"line":78,"column":36}},"78":{"start":{"line":79,"column":0},"end":{"line":79,"column":41}},"79":{"start":{"line":80,"column":0},"end":{"line":80,"column":71}},"80":{"start":{"line":81,"column":0},"end":{"line":81,"column":25}},"81":{"start":{"line":82,"column":0},"end":{"line":82,"column":38}},"82":{"start":{"line":83,"column":0},"end":{"line":83,"column":35}},"83":{"start":{"line":84,"column":0},"end":{"line":84,"column":41}},"84":{"start":{"line":85,"column":0},"end":{"line":85,"column":7}},"85":{"start":{"line":86,"column":0},"end":{"line":86,"column":5}},"86":{"start":{"line":87,"column":0},"end":{"line":87,"column":3}},"87":{"start":{"line":88,"column":0},"end":{"line":88,"column":0}},"88":{"start":{"line":89,"column":0},"end":{"line":89,"column":15}},"89":{"start":{"line":90,"column":0},"end":{"line":90,"column":47}},"90":{"start":{"line":91,"column":0},"end":{"line":91,"column":3}},"91":{"start":{"line":92,"column":0},"end":{"line":92,"column":0}},"92":{"start":{"line":93,"column":0},"end":{"line":93,"column":17}},"93":{"start":{"line":94,"column":0},"end":{"line":94,"column":49}},"94":{"start":{"line":95,"column":0},"end":{"line":95,"column":3}},"95":{"start":{"line":96,"column":0},"end":{"line":96,"column":0}},"96":{"start":{"line":97,"column":0},"end":{"line":97,"column":28}},"97":{"start":{"line":98,"column":0},"end":{"line":98,"column":58}},"98":{"start":{"line":99,"column":0},"end":{"line":99,"column":3}},"99":{"start":{"line":100,"column":0},"end":{"line":100,"column":1}}},"s":{"0":0,"1":0,"2":0,"3":0,"4":0,"5":0,"6":0,"7":0,"8":0,"9":0,"10":0,"11":0,"12":0,"13":0,"14":0,"15":0,"16":0,"17":0,"18":0,"19":0,"20":0,"21":0,"22":0,"23":0,"24":0,"25":0,"26":0,"27":0,"28":0,"29":0,"30":0,"31":0,"32":0,"33":0,"34":0,"35":0,"36":0,"37":0,"38":0,"39":0,"40":0,"41":0,"42":0,"43":0,"44":0,"45":0,"46":0,"47":0,"48":0,"49":0,"50":0,"51":0,"52":0,"53":0,"54":0,"55":0,"56":0,"57":0,"58":0,"59":0,"60":0,"61":0,"62":0,"63":0,"64":0,"65":0,"66":0,"67":0,"68":0,"69":0,"70":0,"71":0,"72":0,"73":0,"74":0,"75":0,"76":0,"77":0,"78":0,"79":0,"80":0,"81":0,"82":0,"83":0,"84":0,"85":0,"86":0,"87":0,"88":0,"89":0,"90":0,"91":0,"92":0,"93":0,"94":0,"95":0,"96":0,"97":0,"98":0,"99":0},"branchMap":{"0":{"type":"branch","line":1,"loc":{"start":{"line":1,"column":2554},"end":{"line":100,"column":1}},"locations":[{"start":{"line":1,"column":2554},"end":{"line":100,"column":1}}]}},"b":{"0":[0]},"fnMap":{"0":{"name":"(empty-report)","decl":{"start":{"line":1,"column":2554},"end":{"line":100,"column":1}},"loc":{"start":{"line":1,"column":2554},"end":{"line":100,"column":1}},"line":1}},"f":{"0":0}}
,"/home/runner/work/dsa-core/dsa-core/Jaime-D-Z/dsa-core/packages/dsa-ts/src/structures/LRUCache.ts": {"path":"/home/runner/work/dsa-core/dsa-core/Jaime-D-Z/dsa-core/packages/dsa-ts/src/structures/LRUCache.ts","all":false,"statementMap":{"0":{"start":{"line":1,"column":0},"end":{"line":1,"column":61}},"1":{"start":{"line":2,"column":0},"end":{"line":2,"column":0}},"2":{"start":{"line":3,"column":0},"end":{"line":3,"column":25}},"3":{"start":{"line":4,"column":0},"end":{"line":4,"column":20}},"4":{"start":{"line":5,"column":0},"end":{"line":5,"column":15}},"5":{"start":{"line":6,"column":0},"end":{"line":6,"column":47}},"6":{"start":{"line":7,"column":0},"end":{"line":7,"column":1}},"7":{"start":{"line":8,"column":0},"end":{"line":8,"column":0}},"8":{"start":{"line":9,"column":0},"end":{"line":9,"column":22}},"9":{"start":{"line":10,"column":0},"end":{"line":10,"column":18}},"10":{"start":{"line":11,"column":0},"end":{"line":11,"column":18}},"11":{"start":{"line":12,"column":0},"end":{"line":12,"column":18}},"12":{"start":{"line":13,"column":0},"end":{"line":13,"column":18}},"13":{"start":{"line":14,"column":0},"end":{"line":14,"column":1}},"14":{"start":{"line":15,"column":0},"end":{"line":15,"column":0}},"15":{"start":{"line":16,"column":0},"end":{"line":16,"column":3}},"16":{"start":{"line":17,"column":0},"end":{"line":17,"column":34}},"17":{"start":{"line":18,"column":0},"end":{"line":18,"column":2}},"18":{"start":{"line":19,"column":0},"end":{"line":19,"column":72}},"19":{"start":{"line":20,"column":0},"end":{"line":20,"column":60}},"20":{"start":{"line":21,"column":0},"end":{"line":21,"column":61}},"21":{"start":{"line":22,"column":0},"end":{"line":22,"column":2}},"22":{"start":{"line":23,"column":0},"end":{"line":23,"column":14}},"23":{"start":{"line":24,"column":0},"end":{"line":24,"column":16}},"24":{"start":{"line":25,"column":0},"end":{"line":25,"column":16}},"25":{"start":{"line":26,"column":0},"end":{"line":26,"column":16}},"26":{"start":{"line":27,"column":0},"end":{"line":27,"column":3}},"27":{"start":{"line":28,"column":0},"end":{"line":28,"column":26}},"28":{"start":{"line":29,"column":0},"end":{"line":29,"column":64}},"29":{"start":{"line":30,"column":0},"end":{"line":30,"column":69}},"30":{"start":{"line":31,"column":0},"end":{"line":31,"column":21}},"31":{"start":{"line":32,"column":0},"end":{"line":32,"column":21}},"32":{"start":{"line":33,"column":0},"end":{"line":33,"column":0}},"33":{"start":{"line":34,"column":0},"end":{"line":34,"column":50}},"34":{"start":{"line":35,"column":0},"end":{"line":35,"column":69}},"35":{"start":{"line":36,"column":0},"end":{"line":36,"column":3}},"36":{"start":{"line":37,"column":0},"end":{"line":37,"column":0}},"37":{"start":{"line":38,"column":0},"end":{"line":38,"column":5}},"38":{"start":{"line":39,"column":0},"end":{"line":39,"column":68}},"39":{"start":{"line":40,"column":0},"end":{"line":40,"column":56}},"40":{"start":{"line":41,"column":0},"end":{"line":41,"column":5}},"41":{"start":{"line":42,"column":0},"end":{"line":42,"column":35}},"42":{"start":{"line":43,"column":0},"end":{"line":43,"column":35}},"43":{"start":{"line":44,"column":0},"end":{"line":44,"column":29}},"44":{"start":{"line":45,"column":0},"end":{"line":45,"column":20}},"45":{"start":{"line":46,"column":0},"end":{"line":46,"column":23}},"46":{"start":{"line":47,"column":0},"end":{"line":47,"column":5}},"47":{"start":{"line":48,"column":0},"end":{"line":48,"column":0}},"48":{"start":{"line":49,"column":0},"end":{"line":49,"column":29}},"49":{"start":{"line":50,"column":0},"end":{"line":50,"column":0}},"50":{"start":{"line":51,"column":0},"end":{"line":51,"column":20}},"51":{"start":{"line":52,"column":0},"end":{"line":52,"column":67}},"52":{"start":{"line":53,"column":0},"end":{"line":53,"column":28}},"53":{"start":{"line":54,"column":0},"end":{"line":54,"column":20}},"54":{"start":{"line":55,"column":0},"end":{"line":55,"column":23}},"55":{"start":{"line":56,"column":0},"end":{"line":56,"column":5}},"56":{"start":{"line":57,"column":0},"end":{"line":57,"column":0}},"57":{"start":{"line":58,"column":0},"end":{"line":58,"column":37}},"58":{"start":{"line":59,"column":0},"end":{"line":59,"column":27}},"59":{"start":{"line":60,"column":0},"end":{"line":60,"column":43}},"60":{"start":{"line":61,"column":0},"end":{"line":61,"column":29}},"61":{"start":{"line":62,"column":0},"end":{"line":62,"column":16}},"62":{"start":{"line":63,"column":0},"end":{"line":63,"column":23}},"63":{"start":{"line":64,"column":0},"end":{"line":64,"column":3}},"64":{"start":{"line":65,"column":0},"end":{"line":65,"column":0}},"65":{"start":{"line":66,"column":0},"end":{"line":66,"column":5}},"66":{"start":{"line":67,"column":0},"end":{"line":67,"column":68}},"67":{"start":{"line":68,"column":0},"end":{"line":68,"column":67}},"68":{"start":{"line":69,"column":0},"end":{"line":69,"column":5}},"69":{"start":{"line":70,"column":0},"end":{"line":70,"column":52}},"70":{"start":{"line":71,"column":0},"end":{"line":71,"column":39}},"71":{"start":{"line":72,"column":0},"end":{"line":72,"column":33}},"72":{"start":{"line":73,"column":0},"end":{"line":73,"column":33}},"73":{"start":{"line":74,"column":0},"end":{"line":74,"column":27}},"74":{"start":{"line":75,"column":0},"end":{"line":75,"column":49}},"75":{"start":{"line":76,"column":0},"end":{"line":76,"column":44}},"76":{"start":{"line":77,"column":0},"end":{"line":77,"column":37}},"77":{"start":{"line":78,"column":0},"end":{"line":78,"column":29}},"78":{"start":{"line":79,"column":0},"end":{"line":79,"column":47}},"79":{"start":{"line":80,"column":0},"end":{"line":80,"column":7}},"80":{"start":{"line":81,"column":0},"end":{"line":81,"column":5}},"81":{"start":{"line":82,"column":0},"end":{"line":82,"column":0}},"82":{"start":{"line":83,"column":0},"end":{"line":83,"column":34}},"83":{"start":{"line":84,"column":0},"end":{"line":84,"column":10}},"84":{"start":{"line":85,"column":0},"end":{"line":85,"column":12}},"85":{"start":{"line":86,"column":0},"end":{"line":86,"column":65}},"86":{"start":{"line":87,"column":0},"end":{"line":87,"column":6}},"87":{"start":{"line":88,"column":0},"end":{"line":88,"column":42}},"88":{"start":{"line":89,"column":0},"end":{"line":89,"column":28}},"89":{"start":{"line":90,"column":0},"end":{"line":90,"column":3}},"90":{"start":{"line":91,"column":0},"end":{"line":91,"column":0}},"91":{"start":{"line":92,"column":0},"end":{"line":92,"column":47}},"92":{"start":{"line":93,"column":0},"end":{"line":93,"column":32}},"93":{"start":{"line":94,"column":0},"end":{"line":94,"column":35}},"94":{"start":{"line":95,"column":0},"end":{"line":95,"column":41}},"95":{"start":{"line":96,"column":0},"end":{"line":96,"column":26}},"96":{"start":{"line":97,"column":0},"end":{"line":97,"column":16}},"97":{"start":{"line":98,"column":0},"end":{"line":98,"column":3}},"98":{"start":{"line":99,"column":0},"end":{"line":99,"column":0}},"99":{"start":{"line":100,"column":0},"end":{"line":100,"column":29}},"100":{"start":{"line":101,"column":0},"end":{"line":101,"column":60}},"101":{"start":{"line":102,"column":0},"end":{"line":102,"column":3}},"102":{"start":{"line":103,"column":0},"end":{"line":103,"column":0}},"103":{"start":{"line":104,"column":0},"end":{"line":104,"column":47}},"104":{"start":{"line":105,"column":0},"end":{"line":105,"column":0}},"105":{"start":{"line":106,"column":0},"end":{"line":106,"column":28}},"106":{"start":{"line":107,"column":0},"end":{"line":107,"column":23}},"107":{"start":{"line":108,"column":0},"end":{"line":108,"column":42}},"108":{"start":{"line":109,"column":0},"end":{"line":109,"column":12}},"109":{"start":{"line":110,"column":0},"end":{"line":110,"column":25}},"110":{"start":{"line":111,"column":0},"end":{"line":111,"column":27}},"111":{"start":{"line":112,"column":0},"end":{"line":112,"column":25}},"112":{"start":{"line":113,"column":0},"end":{"line":113,"column":71}},"113":{"start":{"line":114,"column":0},"end":{"line":114,"column":6}},"114":{"start":{"line":115,"column":0},"end":{"line":115,"column":3}},"115":{"start":{"line":116,"column":0},"end":{"line":116,"column":0}},"116":{"start":{"line":117,"column":0},"end":{"line":117,"column":17}},"117":{"start":{"line":118,"column":0},"end":{"line":118,"column":26}},"118":{"start":{"line":119,"column":0},"end":{"line":119,"column":26}},"119":{"start":{"line":120,"column":0},"end":{"line":120,"column":21}},"120":{"start":{"line":121,"column":0},"end":{"line":121,"column":20}},"121":{"start":{"line":122,"column":0},"end":{"line":122,"column":20}},"122":{"start":{"line":123,"column":0},"end":{"line":123,"column":3}},"123":{"start":{"line":124,"column":0},"end":{"line":124,"column":0}},"124":{"start":{"line":125,"column":0},"end":{"line":125,"column":67}},"125":{"start":{"line":126,"column":0},"end":{"line":126,"column":27}},"126":{"start":{"line":127,"column":0},"end":{"line":127,"column":25}},"127":{"start":{"line":128,"column":0},"end":{"line":128,"column":3}},"128":{"start":{"line":129,"column":0},"end":{"line":129,"column":1}}},"s":{"0":1,"1":1,"2":1,"3":1,"4":1,"5":1,"6":1,"7":1,"8":1,"9":1,"10":1,"11":1,"12":1,"13":1,"14":1,"15":1,"16":1,"17":1,"18":1,"19":1,"20":1,"21":1,"22":1,"23":1,"24":1,"25":1,"26":1,"27":1,"28":1,"29":1,"30":1,"31":1,"32":1,"33":1,"34":5,"35":5,"36":1,"37":1,"38":1,"39":1,"40":1,"41":1,"42":12,"43":12,"44":3,"45":3,"46":3,"47":9,"48":9,"49":9,"50":9,"51":12,"52":1,"53":1,"54":1,"55":1,"56":8,"57":8,"58":8,"59":8,"60":8,"61":8,"62":8,"63":12,"64":1,"65":1,"66":1,"67":1,"68":1,"69":1,"70":7,"71":7,"72":0,"73":0,"74":7,"75":1,"76":1,"77":1,"78":1,"79":1,"80":1,"81":7,"82":7,"83":7,"84":7,"85":7,"86":7,"87":7,"88":7,"89":7,"90":1,"91":1,"92":1,"93":0,"94":0,"95":0,"96":0,"97":0,"98":1,"99":1,"100":0,"101":0,"102":1,"103":1,"104":1,"105":1,"106":1,"107":1,"108":1,"109":1,"110":1,"111":1,"112":1,"113":1,"114":1,"115":1,"116":1,"117":0,"118":0,"119":0,"120":0,"121":0,"122":0,"123":1,"124":1,"125":2,"126":2,"127":2,"128":1},"branchMap":{"0":{"type":"branch","line":34,"loc":{"start":{"line":34,"column":2},"end":{"line":36,"column":3}},"locations":[{"start":{"line":34,"column":2},"end":{"line":36,"column":3}}]},"1":{"type":"branch","line":35,"loc":{"start":{"line":35,"column":23},"end":{"line":35,"column":69}},"locations":[{"start":{"line":35,"column":23},"end":{"line":35,"column":69}}]},"2":{"type":"branch","line":42,"loc":{"start":{"line":42,"column":2},"end":{"line":64,"column":3}},"locations":[{"start":{"line":42,"column":2},"end":{"line":64,"column":3}}]},"3":{"type":"branch","line":44,"loc":{"start":{"line":44,"column":28},"end":{"line":47,"column":5}},"locations":[{"start":{"line":44,"column":28},"end":{"line":47,"column":5}}]},"4":{"type":"branch","line":47,"loc":{"start":{"line":47,"column":4},"end":{"line":52,"column":36}},"locations":[{"start":{"line":47,"column":4},"end":{"line":52,"column":36}}]},"5":{"type":"branch","line":52,"loc":{"start":{"line":52,"column":28},"end":{"line":52,"column":66}},"locations":[{"start":{"line":52,"column":28},"end":{"line":52,"column":66}}]},"6":{"type":"branch","line":52,"loc":{"start":{"line":52,"column":66},"end":{"line":56,"column":5}},"locations":[{"start":{"line":52,"column":66},"end":{"line":56,"column":5}}]},"7":{"type":"branch","line":56,"loc":{"start":{"line":56,"column":4},"end":{"line":63,"column":23}},"locations":[{"start":{"line":56,"column":4},"end":{"line":63,"column":23}}]},"8":{"type":"branch","line":70,"loc":{"start":{"line":70,"column":2},"end":{"line":90,"column":3}},"locations":[{"start":{"line":70,"column":2},"end":{"line":90,"column":3}}]},"9":{"type":"branch","line":72,"loc":{"start":{"line":72,"column":32},"end":{"line":75,"column":15}},"locations":[{"start":{"line":72,"column":32},"end":{"line":75,"column":15}}]},"10":{"type":"branch","line":75,"loc":{"start":{"line":75,"column":48},"end":{"line":81,"column":5}},"locations":[{"start":{"line":75,"column":48},"end":{"line":81,"column":5}}]},"11":{"type":"branch","line":86,"loc":{"start":{"line":86,"column":27},"end":{"line":86,"column":60}},"locations":[{"start":{"line":86,"column":27},"end":{"line":86,"column":60}}]},"12":{"type":"branch","line":86,"loc":{"start":{"line":86,"column":52},"end":{"line":86,"column":65}},"locations":[{"start":{"line":86,"column":52},"end":{"line":86,"column":65}}]},"13":{"type":"branch","line":104,"loc":{"start":{"line":104,"column":2},"end":{"line":104,"column":47}},"locations":[{"start":{"line":104,"column":2},"end":{"line":104,"column":47}}]},"14":{"type":"branch","line":107,"loc":{"start":{"line":107,"column":2},"end":{"line":115,"column":3}},"locations":[{"start":{"line":107,"column":2},"end":{"line":115,"column":3}}]},"15":{"type":"branch","line":113,"loc":{"start":{"line":113,"column":25},"end":{"line":113,"column":33}},"locations":[{"start":{"line":113,"column":25},"end":{"line":113,"column":33}}]},"16":{"type":"branch","line":125,"loc":{"start":{"line":125,"column":10},"end":{"line":128,"column":3}},"locations":[{"start":{"line":125,"column":10},"end":{"line":128,"column":3}}]}},"b":{"0":[5],"1":[1],"2":[12],"3":[3],"4":[9],"5":[2],"6":[1],"7":[8],"8":[7],"9":[0],"10":[1],"11":[1],"12":[6],"13":[1],"14":[1],"15":[0],"16":[2]},"fnMap":{"0":{"name":"LRUCache","decl":{"start":{"line":34,"column":2},"end":{"line":36,"column":3}},"loc":{"start":{"line":34,"column":2},"end":{"line":36,"column":3}},"line":34},"1":{"name":"get","decl":{"start":{"line":42,"column":2},"end":{"line":64,"column":3}},"loc":{"start":{"line":42,"column":2},"end":{"line":64,"column":3}},"line":42},"2":{"name":"set","decl":{"start":{"line":70,"column":2},"end":{"line":90,"column":3}},"loc":{"start":{"line":70,"column":2},"end":{"line":90,"column":3}},"line":70},"3":{"name":"delete","decl":{"start":{"line":93,"column":2},"end":{"line":98,"column":3}},"loc":{"start":{"line":93,"column":2},"end":{"line":98,"column":3}},"line":93},"4":{"name":"has","decl":{"start":{"line":100,"column":2},"end":{"line":102,"column":3}},"loc":{"start":{"line":100,"column":2},"end":{"line":102,"column":3}},"line":100},"5":{"name":"get size","decl":{"start":{"line":104,"column":2},"end":{"line":104,"column":47}},"loc":{"start":{"line":104,"column":2},"end":{"line":104,"column":47}},"line":104},"6":{"name":"stats","decl":{"start":{"line":107,"column":2},"end":{"line":115,"column":3}},"loc":{"start":{"line":107,"column":2},"end":{"line":115,"column":3}},"line":107},"7":{"name":"clear","decl":{"start":{"line":117,"column":2},"end":{"line":123,"column":3}},"loc":{"start":{"line":117,"column":2},"end":{"line":123,"column":3}},"line":117},"8":{"name":"evict","decl":{"start":{"line":125,"column":10},"end":{"line":128,"column":3}},"loc":{"start":{"line":125,"column":10},"end":{"line":128,"column":3}},"line":125}},"f":{"0":5,"1":12,"2":7,"3":0,"4":0,"5":1,"6":1,"7":0,"8":2}}
[...]
,"/home/runner/work/dsa-core/dsa-core/Jaime-D-Z/dsa-core/packages/dsa-ts/src/structures/PriorityQueue.ts": {"path":"/home/runner/work/dsa-core/dsa-core/Jaime-D-Z/dsa-core/packages/dsa-ts/src/structures/PriorityQueue.ts","all":true,"statementMap":{"0":{"start":{"line":1,"column":0},"end":{"line":1,"column":39}},"1":{"start":{"line":2,"column":0},"end":{"line":2,"column":0}},"2":{"start":{"line":3,"column":0},"end":{"line":3,"column":34}},"3":{"start":{"line":4,"column":0},"end":{"line":4,"column":14}},"4":{"start":{"line":5,"column":0},"end":{"line":5,"column":55}},"5":{"start":{"line":6,"column":0},"end":{"line":6,"column":1}},"6":{"start":{"line":7,"column":0},"end":{"line":7,"column":0}},"7":{"start":{"line":8,"column":0},"end":{"line":8,"column":3}},"8":{"start":{"line":9,"column":0},"end":{"line":9,"column":33}},"9":{"start":{"line":10,"column":0},"end":{"line":10,"column":2}},"10":{"start":{"line":11,"column":0},"end":{"line":11,"column":14}},"11":{"start":{"line":12,"column":0},"end":{"line":12,"column":24}},"12":{"start":{"line":13,"column":0},"end":{"line":13,"column":72}},"13":{"start":{"line":14,"column":0},"end":{"line":14,"column":20}},"14":{"start":{"line":15,"column":0},"end":{"line":15,"column":3}},"15":{"start":{"line":16,"column":0},"end":{"line":16,"column":31}},"16":{"start":{"line":17,"column":0},"end":{"line":17,"column":50}},"17":{"start":{"line":18,"column":0},"end":{"line":18,"column":0}},"18":{"start":{"line":19,"column":0},"end":{"line":19,"column":17}},"19":{"start":{"line":20,"column":0},"end":{"line":20,"column":45}},"20":{"start":{"line":21,"column":0},"end":{"line":21,"column":40}},"21":{"start":{"line":22,"column":0},"end":{"line":22,"column":6}},"22":{"start":{"line":23,"column":0},"end":{"line":23,"column":3}},"23":{"start":{"line":24,"column":0},"end":{"line":24,"column":0}},"24":{"start":{"line":25,"column":0},"end":{"line":25,"column":51}},"25":{"start":{"line":26,"column":0},"end":{"line":26,"column":54}},"26":{"start":{"line":27,"column":0},"end":{"line":27,"column":0}},"27":{"start":{"line":28,"column":0},"end":{"line":28,"column":55}},"28":{"start":{"line":29,"column":0},"end":{"line":29,"column":45}},"29":{"start":{"line":30,"column":0},"end":{"line":30,"column":42}},"30":{"start":{"line":31,"column":0},"end":{"line":31,"column":3}},"31":{"start":{"line":32,"column":0},"end":{"line":32,"column":0}},"32":{"start":{"line":33,"column":0},"end":{"line":33,"column":71}},"33":{"start":{"line":34,"column":0},"end":{"line":34,"column":42}},"34":{"start":{"line":35,"column":0},"end":{"line":35,"column":34}},"35":{"start":{"line":36,"column":0},"end":{"line":36,"column":3}},"36":{"start":{"line":37,"column":0},"end":{"line":37,"column":0}},"37":{"start":{"line":38,"column":0},"end":{"line":38,"column":68}},"38":{"start":{"line":39,"column":0},"end":{"line":39,"column":39}},"39":{"start":{"line":40,"column":0},"end":{"line":40,"column":31}},"40":{"start":{"line":41,"column":0},"end":{"line":41,"column":3}},"41":{"start":{"line":42,"column":0},"end":{"line":42,"column":0}},"42":{"start":{"line":43,"column":0},"end":{"line":43,"column":32}},"43":{"start":{"line":44,"column":0},"end":{"line":44,"column":31}},"44":{"start":{"line":45,"column":0},"end":{"line":45,"column":3}},"45":{"start":{"line":46,"column":0},"end":{"line":46,"column":1}}},"s":{"0":0,"1":0,"2":0,"3":0,"4":0,"5":0,"6":0,"7":0,"8":0,"9":0,"10":0,"11":0,"12":0,"13":0,"14":0,"15":0,"16":0,"17":0,"18":0,"19":0,"20":0,"21":0,"22":0,"23":0,"24":0,"25":0,"26":0,"27":0,"28":0,"29":0,"30":0,"31":0,"32":0,"33":0,"34":0,"35":0,"36":0,"37":0,"38":0,"39":0,"40":0,"41":0,"42":0,"43":0,"44":0,"45":0},"branchMap":{"0":{"type":"branch","line":1,"loc":{"start":{"line":1,"column":1159},"end":{"line":46,"column":1}},"locations":[{"start":{"line":1,"column":1159},"end":{"line":46,"column":1}}]}},"b":{"0":[0]},"fnMap":{"0":{"name":"(empty-report)","decl":{"start":{"line":1,"column":1159},"end":{"line":46,"column":1}},"loc":{"start":{"line":1,"column":1159},"end":{"line":46,"column":1}},"line":1}},"f":{"0":0}}
,"/home/runner/work/dsa-core/dsa-core/Jaime-D-Z/dsa-core/packages/dsa-ts/src/structures/Queue.ts": {"path":"/home/runner/work/dsa-core/dsa-core/Jaime-D-Z/dsa-core/packages/dsa-ts/src/structures/Queue.ts","all":false,"statementMap":{"0":{"start":{"line":1,"column":0},"end":{"line":1,"column":3}},"1":{"start":{"line":2,"column":0},"end":{"line":2,"column":37}},"2":{"start":{"line":3,"column":0},"end":{"line":3,"column":2}},"3":{"start":{"line":4,"column":0},"end":{"line":4,"column":59}},"4":{"start":{"line":5,"column":0},"end":{"line":5,"column":59}},"5":{"start":{"line":6,"column":0},"end":{"line":6,"column":2}},"6":{"start":{"line":7,"column":0},"end":{"line":7,"column":14}},"7":{"start":{"line":8,"column":0},"end":{"line":8,"column":18}},"8":{"start":{"line":9,"column":0},"end":{"line":9,"column":29}},"9":{"start":{"line":10,"column":0},"end":{"line":10,"column":18}},"10":{"start":{"line":11,"column":0},"end":{"line":11,"column":18}},"11":{"start":{"line":12,"column":0},"end":{"line":12,"column":3}},"12":{"start":{"line":13,"column":0},"end":{"line":13,"column":23}},"13":{"start":{"line":14,"column":0},"end":{"line":14,"column":49}},"14":{"start":{"line":15,"column":0},"end":{"line":15,"column":24}},"15":{"start":{"line":16,"column":0},"end":{"line":16,"column":24}},"16":{"start":{"line":17,"column":0},"end":{"line":17,"column":0}},"17":{"start":{"line":18,"column":0},"end":{"line":18,"column":42}},"18":{"start":{"line":19,"column":0},"end":{"line":19,"column":26}},"19":{"start":{"line":20,"column":0},"end":{"line":20,"column":38}},"20":{"start":{"line":21,"column":0},"end":{"line":21,"column":21}},"21":{"start":{"line":22,"column":0},"end":{"line":22,"column":3}},"22":{"start":{"line":23,"column":0},"end":{"line":23,"column":0}},"23":{"start":{"line":24,"column":0},"end":{"line":24,"column":55}},"24":{"start":{"line":25,"column":0},"end":{"line":25,"column":28}},"25":{"start":{"line":26,"column":0},"end":{"line":26,"column":39}},"26":{"start":{"line":27,"column":0},"end":{"line":27,"column":44}},"27":{"start":{"line":28,"column":0},"end":{"line":28,"column":68}},"28":{"start":{"line":29,"column":0},"end":{"line":29,"column":38}},"29":{"start":{"line":30,"column":0},"end":{"line":30,"column":21}},"30":{"start":{"line":31,"column":0},"end":{"line":31,"column":16}},"31":{"start":{"line":32,"column":0},"end":{"line":32,"column":3}},"32":{"start":{"line":33,"column":0},"end":{"line":33,"column":0}},"33":{"start":{"line":34,"column":0},"end":{"line":34,"column":47}},"34":{"start":{"line":35,"column":0},"end":{"line":35,"column":26}},"35":{"start":{"line":36,"column":0},"end":{"line":36,"column":38}},"36":{"start":{"line":37,"column":0},"end":{"line":37,"column":3}},"37":{"start":{"line":38,"column":0},"end":{"line":38,"column":0}},"38":{"start":{"line":39,"column":0},"end":{"line":39,"column":22}},"39":{"start":{"line":40,"column":0},"end":{"line":40,"column":43}},"40":{"start":{"line":41,"column":0},"end":{"line":41,"column":3}},"41":{"start":{"line":42,"column":0},"end":{"line":42,"column":0}},"42":{"start":{"line":43,"column":0},"end":{"line":43,"column":26}},"43":{"start":{"line":44,"column":0},"end":{"line":44,"column":27}},"44":{"start":{"line":45,"column":0},"end":{"line":45,"column":3}},"45":{"start":{"line":46,"column":0},"end":{"line":46,"column":0}},"46":{"start":{"line":47,"column":0},"end":{"line":47,"column":17}},"47":{"start":{"line":48,"column":0},"end":{"line":48,"column":59}},"48":{"start":{"line":49,"column":0},"end":{"line":49,"column":70}},"49":{"start":{"line":50,"column":0},"end":{"line":50,"column":27}},"50":{"start":{"line":51,"column":0},"end":{"line":51,"column":5}},"51":{"start":{"line":52,"column":0},"end":{"line":52,"column":23}},"52":{"start":{"line":53,"column":0},"end":{"line":53,"column":23}},"53":{"start":{"line":54,"column":0},"end":{"line":54,"column":3}},"54":{"start":{"line":55,"column":0},"end":{"line":55,"column":1}}},"s":{"0":1,"1":1,"2":1,"3":1,"4":1,"5":1,"6":1,"7":1,"8":1,"9":1,"10":1,"11":1,"12":1,"13":1,"14":3,"15":3,"16":1,"17":1,"18":1,"19":4,"20":4,"21":4,"22":1,"23":1,"24":1,"25":3,"26":2,"27":2,"28":2,"29":2,"30":2,"31":3,"32":1,"33":1,"34":1,"35":1,"36":1,"37":1,"38":1,"39":5,"40":5,"41":1,"42":1,"43":3,"44":3,"45":1,"46":1,"47":0,"48":0,"49":0,"50":0,"51":0,"52":0,"53":0,"54":1},"branchMap":{"0":{"type":"branch","line":14,"loc":{"start":{"line":14,"column":19},"end":{"line":16,"column":24}},"locations":[{"start":{"line":14,"column":19},"end":{"line":16,"column":24}}]},"1":{"type":"branch","line":19,"loc":{"start":{"line":19,"column":2},"end":{"line":22,"column":3}},"locations":[{"start":{"line":19,"column":2},"end":{"line":22,"column":3}}]},"2":{"type":"branch","line":25,"loc":{"start":{"line":25,"column":2},"end":{"line":32,"column":3}},"locations":[{"start":{"line":25,"column":2},"end":{"line":32,"column":3}}]},"3":{"type":"branch","line":26,"loc":{"start":{"line":26,"column":22},"end":{"line":26,"column":39}},"locations":[{"start":{"line":26,"column":22},"end":{"line":26,"column":39}}]},"4":{"type":"branch","line":26,"loc":{"start":{"line":26,"column":29},"end":{"line":31,"column":16}},"locations":[{"start":{"line":26,"column":29},"end":{"line":31,"column":16}}]},"5":{"type":"branch","line":35,"loc":{"start":{"line":35,"column":2},"end":{"line":37,"column":3}},"locations":[{"start":{"line":35,"column":2},"end":{"line":37,"column":3}}]},"6":{"type":"branch","line":39,"loc":{"start":{"line":39,"column":2},"end":{"line":41,"column":3}},"locations":[{"start":{"line":39,"column":2},"end":{"line":41,"column":3}}]},"7":{"type":"branch","line":43,"loc":{"start":{"line":43,"column":2},"end":{"line":45,"column":3}},"locations":[{"start":{"line":43,"column":2},"end":{"line":45,"column":3}}]}},"b":{"0":[3],"1":[4],"2":[3],"3":[1],"4":[2],"5":[1],"6":[5],"7":[3]},"fnMap":{"0":{"name":"<instance_members_initializer>","decl":{"start":{"line":14,"column":19},"end":{"line":16,"column":24}},"loc":{"start":{"line":14,"column":19},"end":{"line":16,"column":24}},"line":14},"1":{"name":"enqueue","decl":{"start":{"line":19,"column":2},"end":{"line":22,"column":3}},"loc":{"start":{"line":19,"column":2},"end":{"line":22,"column":3}},"line":19},"2":{"name":"dequeue","decl":{"start":{"line":25,"column":2},"end":{"line":32,"column":3}},"loc":{"start":{"line":25,"column":2},"end":{"line":32,"column":3}},"line":25},"3":{"name":"front","decl":{"start":{"line":35,"column":2},"end":{"line":37,"column":3}},"loc":{"start":{"line":35,"column":2},"end":{"line":37,"column":3}},"line":35},"4":{"name":"get size","decl":{"start":{"line":39,"column":2},"end":{"line":41,"column":3}},"loc":{"start":{"line":39,"column":2},"end":{"line":41,"column":3}},"line":39},"5":{"name":"get isEmpty","decl":{"start":{"line":43,"column":2},"end":{"line":45,"column":3}},"loc":{"start":{"line":43,"column":2},"end":{"line":45,"column":3}},"line":43},"6":{"name":"clear","decl":{"start":{"line":47,"column":2},"end":{"line":54,"column":3}},"loc":{"start":{"line":47,"column":2},"end":{"line":54,"column":3}},"line":47}},"f":{"0":3,"1":4,"2":3,"3":1,"4":5,"5":3,"6":0}}
,"/home/runner/work/dsa-core/dsa-core/Jaime-D-Z/dsa-core/packages/dsa-ts/src/structures/Stack.ts": {"path":"/home/runner/work/dsa-core/dsa-core/Jaime-D-Z/dsa-core/packages/dsa-ts/src/structures/Stack.ts","all":false,"statementMap":{"0":{"start":{"line":1,"column":0},"end":{"line":1,"column":3}},"1":{"start":{"line":2,"column":0},"end":{"line":2,"column":36}},"2":{"start":{"line":3,"column":0},"end":{"line":3,"column":2}},"3":{"start":{"line":4,"column":0},"end":{"line":4,"column":14}},"4":{"start":{"line":5,"column":0},"end":{"line":5,"column":16}},"5":{"start":{"line":6,"column":0},"end":{"line":6,"column":16}},"6":{"start":{"line":7,"column":0},"end":{"line":7,"column":16}},"7":{"start":{"line":8,"column":0},"end":{"line":8,"column":16}},"8":{"start":{"line":9,"column":0},"end":{"line":9,"column":3}},"9":{"start":{"line":10,"column":0},"end":{"line":10,"column":23}},"10":{"start":{"line":11,"column":0},"end":{"line":11,"column":35}},"11":{"start":{"line":12,"column":0},"end":{"line":12,"column":0}},"12":{"start":{"line":13,"column":0},"end":{"line":13,"column":41}},"13":{"start":{"line":14,"column":0},"end":{"line":14,"column":23}},"14":{"start":{"line":15,"column":0},"end":{"line":15,"column":26}},"15":{"start":{"line":16,"column":0},"end":{"line":16,"column":3}},"16":{"start":{"line":17,"column":0},"end":{"line":17,"column":0}},"17":{"start":{"line":18,"column":0},"end":{"line":18,"column":53}},"18":{"start":{"line":19,"column":0},"end":{"line":19,"column":24}},"19":{"start":{"line":20,"column":0},"end":{"line":20,"column":28}},"20":{"start":{"line":21,"column":0},"end":{"line":21,"column":3}},"21":{"start":{"line":22,"column":0},"end":{"line":22,"column":0}},"22":{"start":{"line":23,"column":0},"end":{"line":23,"column":45}},"23":{"start":{"line":24,"column":0},"end":{"line":24,"column":25}},"24":{"start":{"line":25,"column":0},"end":{"line":25,"column":45}},"25":{"start":{"line":26,"column":0},"end":{"line":26,"column":3}},"26":{"start":{"line":27,"column":0},"end":{"line":27,"column":0}},"27":{"start":{"line":28,"column":0},"end":{"line":28,"column":36}},"28":{"start":{"line":29,"column":0},"end":{"line":29,"column":22}},"29":{"start":{"line":30,"column":0},"end":{"line":30,"column":29}},"30":{"start":{"line":31,"column":0},"end":{"line":31,"column":3}},"31":{"start":{"line":32,"column":0},"end":{"line":32,"column":0}},"32":{"start":{"line":33,"column":0},"end":{"line":33,"column":39}},"33":{"start":{"line":34,"column":0},"end":{"line":34,"column":26}},"34":{"start":{"line":35,"column":0},"end":{"line":35,"column":35}},"35":{"start":{"line":36,"column":0},"end":{"line":36,"column":3}},"36":{"start":{"line":37,"column":0},"end":{"line":37,"column":0}},"37":{"start":{"line":38,"column":0},"end":{"line":38,"column":42}},"38":{"start":{"line":39,"column":0},"end":{"line":39,"column":17}},"39":{"start":{"line":40,"column":0},"end":{"line":40,"column":26}},"40":{"start":{"line":41,"column":0},"end":{"line":41,"column":3}},"41":{"start":{"line":42,"column":0},"end":{"line":42,"column":0}},"42":{"start":{"line":43,"column":0},"end":{"line":43,"column":31}},"43":{"start":{"line":44,"column":0},"end":{"line":44,"column":36}},"44":{"start":{"line":45,"column":0},"end":{"line":45,"column":38}},"45":{"start":{"line":46,"column":0},"end":{"line":46,"column":29}},"46":{"start":{"line":47,"column":0},"end":{"line":47,"column":12}},"47":{"start":{"line":48,"column":0},"end":{"line":48,"column":33}},"48":{"start":{"line":49,"column":0},"end":{"line":49,"column":25}},"49":{"start":{"line":50,"column":0},"end":{"line":50,"column":61}},"50":{"start":{"line":51,"column":0},"end":{"line":51,"column":9}},"51":{"start":{"line":52,"column":0},"end":{"line":52,"column":64}},"52":{"start":{"line":53,"column":0},"end":{"line":53,"column":8}},"53":{"start":{"line":54,"column":0},"end":{"line":54,"column":6}},"54":{"start":{"line":55,"column":0},"end":{"line":55,"column":3}},"55":{"start":{"line":56,"column":0},"end":{"line":56,"column":1}}},"s":{"0":1,"1":1,"2":1,"3":1,"4":1,"5":1,"6":1,"7":1,"8":1,"9":1,"10":1,"11":1,"12":1,"13":1,"14":10,"15":10,"16":1,"17":1,"18":1,"19":4,"20":4,"21":1,"22":1,"23":1,"24":1,"25":1,"26":1,"27":1,"28":1,"29":2,"30":2,"31":1,"32":1,"33":1,"34":2,"35":2,"36":1,"37":1,"38":1,"39":1,"40":1,"41":1,"42":1,"43":1,"44":1,"45":1,"46":1,"47":1,"48":4,"49":3,"50":3,"51":1,"52":4,"53":1,"54":1,"55":1},"branchMap":{"0":{"type":"branch","line":11,"loc":{"start":{"line":11,"column":19},"end":{"line":11,"column":35}},"locations":[{"start":{"line":11,"column":19},"end":{"line":11,"column":35}}]},"1":{"type":"branch","line":14,"loc":{"start":{"line":14,"column":2},"end":{"line":16,"column":3}},"locations":[{"start":{"line":14,"column":2},"end":{"line":16,"column":3}}]},"2":{"type":"branch","line":19,"loc":{"start":{"line":19,"column":2},"end":{"line":21,"column":3}},"locations":[{"start":{"line":19,"column":2},"end":{"line":21,"column":3}}]},"3":{"type":"branch","line":24,"loc":{"start":{"line":24,"column":2},"end":{"line":26,"column":3}},"locations":[{"start":{"line":24,"column":2},"end":{"line":26,"column":3}}]},"4":{"type":"branch","line":29,"loc":{"start":{"line":29,"column":2},"end":{"line":31,"column":3}},"locations":[{"start":{"line":29,"column":2},"end":{"line":31,"column":3}}]},"5":{"type":"branch","line":34,"loc":{"start":{"line":34,"column":2},"end":{"line":36,"column":3}},"locations":[{"start":{"line":34,"column":2},"end":{"line":36,"column":3}}]},"6":{"type":"branch","line":39,"loc":{"start":{"line":39,"column":2},"end":{"line":41,"column":3}},"locations":[{"start":{"line":39,"column":2},"end":{"line":41,"column":3}}]},"7":{"type":"branch","line":44,"loc":{"start":{"line":44,"column":2},"end":{"line":55,"column":3}},"locations":[{"start":{"line":44,"column":2},"end":{"line":55,"column":3}}]},"8":{"type":"branch","line":48,"loc":{"start":{"line":48,"column":6},"end":{"line":53,"column":8}},"locations":[{"start":{"line":48,"column":6},"end":{"line":53,"column":8}}]},"9":{"type":"branch","line":49,"loc":{"start":{"line":49,"column":24},"end":{"line":51,"column":9}},"locations":[{"start":{"line":49,"column":24},"end":{"line":51,"column":9}}]},"10":{"type":"branch","line":51,"loc":{"start":{"line":51,"column":8},"end":{"line":52,"column":64}},"locations":[{"start":{"line":51,"column":8},"end":{"line":52,"column":64}}]}},"b":{"0":[5],"1":[10],"2":[4],"3":[1],"4":[2],"5":[2],"6":[1],"7":[1],"8":[4],"9":[3],"10":[1]},"fnMap":{"0":{"name":"<instance_members_initializer>","decl":{"start":{"line":11,"column":19},"end":{"line":11,"column":35}},"loc":{"start":{"line":11,"column":19},"end":{"line":11,"column":35}},"line":11},"1":{"name":"push","decl":{"start":{"line":14,"column":2},"end":{"line":16,"column":3}},"loc":{"start":{"line":14,"column":2},"end":{"line":16,"column":3}},"line":14},"2":{"name":"pop","decl":{"start":{"line":19,"column":2},"end":{"line":21,"column":3}},"loc":{"start":{"line":19,"column":2},"end":{"line":21,"column":3}},"line":19},"3":{"name":"peek","decl":{"start":{"line":24,"column":2},"end":{"line":26,"column":3}},"loc":{"start":{"line":24,"column":2},"end":{"line":26,"column":3}},"line":24},"4":{"name":"get size","decl":{"start":{"line":29,"column":2},"end":{"line":31,"column":3}},"loc":{"start":{"line":29,"column":2},"end":{"line":31,"column":3}},"line":29},"5":{"name":"get isEmpty","decl":{"start":{"line":34,"column":2},"end":{"line":36,"column":3}},"loc":{"start":{"line":34,"column":2},"end":{"line":36,"column":3}},"line":34},"6":{"name":"clear","decl":{"start":{"line":39,"column":2},"end":{"line":41,"column":3}},"loc":{"start":{"line":39,"column":2},"end":{"line":41,"column":3}},"line":39},"7":{"name":"next","decl":{"start":{"line":48,"column":6},"end":{"line":53,"column":8}},"loc":{"start":{"line":48,"column":6},"end":{"line":53,"column":8}},"line":48}},"f":{"0":5,"1":10,"2":4,"3":1,"4":2,"5":2,"6":1,"7":4}}
}
